                      :-) GROMACS - gmx mdrun, 2019.6 (-:

                            GROMACS is written by:
     Emile Apol      Rossen Apostolov      Paul Bauer     Herman J.C. Berendsen
    Par Bjelkmar      Christian Blau   Viacheslav Bolnykh     Kevin Boyd    
 Aldert van Buuren   Rudi van Drunen     Anton Feenstra       Alan Gray     
  Gerrit Groenhof     Anca Hamuraru    Vincent Hindriksen  M. Eric Irrgang  
  Aleksei Iupinov   Christoph Junghans     Joe Jordan     Dimitrios Karkoulis
    Peter Kasson        Jiri Kraus      Carsten Kutzner      Per Larsson    
  Justin A. Lemkul    Viveca Lindahl    Magnus Lundborg     Erik Marklund   
    Pascal Merz     Pieter Meulenhoff    Teemu Murtola       Szilard Pall   
    Sander Pronk      Roland Schulz      Michael Shirts    Alexey Shvetsov  
   Alfons Sijbers     Peter Tieleman      Jon Vincent      Teemu Virolainen 
 Christian Wennberg    Maarten Wolf   
                           and the project leaders:
        Mark Abraham, Berk Hess, Erik Lindahl, and David van der Spoel

Copyright (c) 1991-2000, University of Groningen, The Netherlands.
Copyright (c) 2001-2018, The GROMACS development team at
Uppsala University, Stockholm University and
the Royal Institute of Technology, Sweden.
check out http://www.gromacs.org for more information.

GROMACS is free software; you can redistribute it and/or modify it
under the terms of the GNU Lesser General Public License
as published by the Free Software Foundation; either version 2.1
of the License, or (at your option) any later version.

GROMACS:      gmx mdrun, version 2019.6
Executable:   /usr/local/gromacs/2019.6/bin/gmx
Data prefix:  /usr/local/gromacs/2019.6
Working dir:  /media/subin/DATA/CG/V18/gyroid/L9.2/mon80_gly20/new/2_solvate
Process ID:   1141271
Command line:
  gmx mdrun -deffnm nvt_equil -v

GROMACS version:    2019.6
Precision:          single
Memory model:       64 bit
MPI library:        thread_mpi
OpenMP support:     enabled (GMX_OPENMP_MAX_THREADS = 64)
GPU support:        disabled
SIMD instructions:  AVX2_256
FFT library:        fftw-3.3.8-sse2-avx-avx2-avx2_128-avx512
RDTSCP usage:       enabled
TNG support:        enabled
Hwloc support:      disabled
Tracing support:    disabled
C compiler:         /bin/cc GNU 9.3.0
C compiler flags:    -mavx2 -mfma     -O3 -DNDEBUG -funroll-all-loops -fexcess-precision=fast  
C++ compiler:       /bin/c++ GNU 9.3.0
C++ compiler flags:  -mavx2 -mfma    -std=c++11   -O3 -DNDEBUG -funroll-all-loops -fexcess-precision=fast  


Running on 1 node with total 8 cores, 16 logical cores
Hardware detected:
  CPU info:
    Vendor: Intel
    Brand:  Intel(R) Xeon(R) Silver 4208 CPU @ 2.10GHz
    Family: 6   Model: 85   Stepping: 7
    Features: aes apic avx avx2 avx512f avx512cd avx512bw avx512vl clfsh cmov cx8 cx16 f16c fma htt intel lahf mmx msr nonstop_tsc pcid pclmuldq pdcm pdpe1gb popcnt pse rdrnd rdtscp sse2 sse3 sse4.1 sse4.2 ssse3 tdt x2apic
    Number of AVX-512 FMA units: 1 (AVX2 is faster w/o 2 AVX-512 FMA units)
  Hardware topology: Basic
    Sockets, cores, and logical processors:
      Socket  0: [   0   8] [   1   9] [   2  10] [   3  11] [   4  12] [   5  13] [   6  14] [   7  15]


++++ PLEASE READ AND CITE THE FOLLOWING REFERENCE ++++
M. J. Abraham, T. Murtola, R. Schulz, S. Páll, J. C. Smith, B. Hess, E.
Lindahl
GROMACS: High performance molecular simulations through multi-level
parallelism from laptops to supercomputers
SoftwareX 1 (2015) pp. 19-25
-------- -------- --- Thank You --- -------- --------


++++ PLEASE READ AND CITE THE FOLLOWING REFERENCE ++++
S. Páll, M. J. Abraham, C. Kutzner, B. Hess, E. Lindahl
Tackling Exascale Software Challenges in Molecular Dynamics Simulations with
GROMACS
In S. Markidis & E. Laure (Eds.), Solving Software Challenges for Exascale 8759 (2015) pp. 3-27
-------- -------- --- Thank You --- -------- --------


++++ PLEASE READ AND CITE THE FOLLOWING REFERENCE ++++
S. Pronk, S. Páll, R. Schulz, P. Larsson, P. Bjelkmar, R. Apostolov, M. R.
Shirts, J. C. Smith, P. M. Kasson, D. van der Spoel, B. Hess, and E. Lindahl
GROMACS 4.5: a high-throughput and highly parallel open source molecular
simulation toolkit
Bioinformatics 29 (2013) pp. 845-54
-------- -------- --- Thank You --- -------- --------


++++ PLEASE READ AND CITE THE FOLLOWING REFERENCE ++++
B. Hess and C. Kutzner and D. van der Spoel and E. Lindahl
GROMACS 4: Algorithms for highly efficient, load-balanced, and scalable
molecular simulation
J. Chem. Theory Comput. 4 (2008) pp. 435-447
-------- -------- --- Thank You --- -------- --------


++++ PLEASE READ AND CITE THE FOLLOWING REFERENCE ++++
D. van der Spoel, E. Lindahl, B. Hess, G. Groenhof, A. E. Mark and H. J. C.
Berendsen
GROMACS: Fast, Flexible and Free
J. Comp. Chem. 26 (2005) pp. 1701-1719
-------- -------- --- Thank You --- -------- --------


++++ PLEASE READ AND CITE THE FOLLOWING REFERENCE ++++
E. Lindahl and B. Hess and D. van der Spoel
GROMACS 3.0: A package for molecular simulation and trajectory analysis
J. Mol. Mod. 7 (2001) pp. 306-317
-------- -------- --- Thank You --- -------- --------


++++ PLEASE READ AND CITE THE FOLLOWING REFERENCE ++++
H. J. C. Berendsen, D. van der Spoel and R. van Drunen
GROMACS: A message-passing parallel molecular dynamics implementation
Comp. Phys. Comm. 91 (1995) pp. 43-56
-------- -------- --- Thank You --- -------- --------


++++ PLEASE CITE THE DOI FOR THIS VERSION OF GROMACS ++++
https://doi.org/10.5281/zenodo.3685922
-------- -------- --- Thank You --- -------- --------

Input Parameters:
   integrator                     = md
   tinit                          = 0
   dt                             = 0.01
   nsteps                         = 100000
   init-step                      = 0
   simulation-part                = 1
   comm-mode                      = Linear
   nstcomm                        = 100
   bd-fric                        = 0
   ld-seed                        = -1639013783
   emtol                          = 10
   emstep                         = 0.01
   niter                          = 20
   fcstep                         = 0
   nstcgsteep                     = 1000
   nbfgscorr                      = 10
   rtpi                           = 0.05
   nstxout                        = 2500
   nstvout                        = 2500
   nstfout                        = 2500
   nstlog                         = 1000
   nstcalcenergy                  = 100
   nstenergy                      = 2500
   nstxout-compressed             = 0
   compressed-x-precision         = 1000
   cutoff-scheme                  = Verlet
   nstlist                        = 40
   ns-type                        = Grid
   pbc                            = xyz
   periodic-molecules             = false
   verlet-buffer-tolerance        = 0.005
   rlist                          = 1.168
   coulombtype                    = Reaction-Field
   coulomb-modifier               = Potential-shift
   rcoulomb-switch                = 0
   rcoulomb                       = 1.1
   epsilon-r                      = 10
   epsilon-rf                     = inf
   vdw-type                       = Cut-off
   vdw-modifier                   = Potential-shift
   rvdw-switch                    = 0
   rvdw                           = 1.1
   DispCorr                       = EnerPres
   table-extension                = 1
   fourierspacing                 = 0.12
   fourier-nx                     = 0
   fourier-ny                     = 0
   fourier-nz                     = 0
   pme-order                      = 4
   ewald-rtol                     = 1e-05
   ewald-rtol-lj                  = 0.001
   lj-pme-comb-rule               = Geometric
   ewald-geometry                 = 0
   epsilon-surface                = 0
   tcoupl                         = V-rescale
   nsttcouple                     = 40
   nh-chain-length                = 0
   print-nose-hoover-chain-variables = false
   pcoupl                         = No
   pcoupltype                     = Isotropic
   nstpcouple                     = -1
   tau-p                          = 1
   compressibility (3x3):
      compressibility[    0]={ 0.00000e+00,  0.00000e+00,  0.00000e+00}
      compressibility[    1]={ 0.00000e+00,  0.00000e+00,  0.00000e+00}
      compressibility[    2]={ 0.00000e+00,  0.00000e+00,  0.00000e+00}
   ref-p (3x3):
      ref-p[    0]={ 0.00000e+00,  0.00000e+00,  0.00000e+00}
      ref-p[    1]={ 0.00000e+00,  0.00000e+00,  0.00000e+00}
      ref-p[    2]={ 0.00000e+00,  0.00000e+00,  0.00000e+00}
   refcoord-scaling               = All
   posres-com (3):
      posres-com[0]= 0.00000e+00
      posres-com[1]= 0.00000e+00
      posres-com[2]= 0.00000e+00
   posres-comB (3):
      posres-comB[0]= 0.00000e+00
      posres-comB[1]= 0.00000e+00
      posres-comB[2]= 0.00000e+00
   QMMM                           = false
   QMconstraints                  = 0
   QMMMscheme                     = 0
   MMChargeScaleFactor            = 1
qm-opts:
   ngQM                           = 0
   constraint-algorithm           = Lincs
   continuation                   = false
   Shake-SOR                      = false
   shake-tol                      = 0.0001
   lincs-order                    = 4
   lincs-iter                     = 1
   lincs-warnangle                = 30
   nwall                          = 0
   wall-type                      = 9-3
   wall-r-linpot                  = -1
   wall-atomtype[0]               = -1
   wall-atomtype[1]               = -1
   wall-density[0]                = 0
   wall-density[1]                = 0
   wall-ewald-zfac                = 3
   pull                           = false
   awh                            = false
   rotation                       = false
   interactiveMD                  = false
   disre                          = No
   disre-weighting                = Conservative
   disre-mixed                    = false
   dr-fc                          = 1000
   dr-tau                         = 0
   nstdisreout                    = 100
   orire-fc                       = 0
   orire-tau                      = 0
   nstorireout                    = 100
   free-energy                    = no
   cos-acceleration               = 0
   deform (3x3):
      deform[    0]={ 0.00000e+00,  0.00000e+00,  0.00000e+00}
      deform[    1]={ 0.00000e+00,  0.00000e+00,  0.00000e+00}
      deform[    2]={ 0.00000e+00,  0.00000e+00,  0.00000e+00}
   simulated-tempering            = false
   swapcoords                     = no
   userint1                       = 0
   userint2                       = 0
   userint3                       = 0
   userint4                       = 0
   userreal1                      = 0
   userreal2                      = 0
   userreal3                      = 0
   userreal4                      = 0
   applied-forces:
     electric-field:
       x:
         E0                       = 0
         omega                    = 0
         t0                       = 0
         sigma                    = 0
       y:
         E0                       = 0
         omega                    = 0
         t0                       = 0
         sigma                    = 0
       z:
         E0                       = 0
         omega                    = 0
         t0                       = 0
         sigma                    = 0
grpopts:
   nrdf:       37542
   ref-t:         200
   tau-t:         0.1
annealing:          No
annealing-npoints:           0
   acc:	           0           0           0
   nfreeze:           N           N           N
   energygrp-flags[  0]: 0

Changing nstlist from 40 to 50, rlist from 1.168 to 1.207

Using 1 MPI thread
Using 16 OpenMP threads 

Pinning threads with an auto-selected logical core stride of 1
System total charge: 0.000
Reaction-Field:
epsRF = 0, rc = 1.1, krf = 0.375657, crf = 1.36364, epsfac = 13.8935
The electrostatics potential has its minimum at r = 1.1
Potential shift: LJ r^-12: -3.186e-01 r^-6: -5.645e-01
Long Range LJ corr.: <C6> 4.1584e-02
Generated table with 1103 data points for RF-zero.
Tabscale = 500 points/nm
Generated table with 1103 data points for LJ6.
Tabscale = 500 points/nm
Generated table with 1103 data points for LJ12.
Tabscale = 500 points/nm

Using SIMD 4x8 nonbonded short-range kernels

Using a dual 4x8 pair-list setup updated with dynamic pruning:
  outer list: updated every 50 steps, buffer 0.107 nm, rlist 1.207 nm
  inner list: updated every 17 steps, buffer 0.001 nm, rlist 1.101 nm
At tolerance 0.005 kJ/mol/ps per atom, equivalent classical 1x1 list would be:
  outer list: updated every 50 steps, buffer 0.232 nm, rlist 1.332 nm
  inner list: updated every 17 steps, buffer 0.047 nm, rlist 1.147 nm

Using full Lennard-Jones parameter combination matrix

Removing pbc first time
Center of mass motion removal mode is Linear
We have the following groups for center of mass motion removal:
  0:  rest

++++ PLEASE READ AND CITE THE FOLLOWING REFERENCE ++++
G. Bussi, D. Donadio and M. Parrinello
Canonical sampling through velocity rescaling
J. Chem. Phys. 126 (2007) pp. 014101
-------- -------- --- Thank You --- -------- --------

There are: 12515 Atoms
Initial temperature: 199.999 K

Started mdrun on rank 0 Tue Nov  9 17:54:34 2021

           Step           Time
              0        0.00000

   Energies (kJ/mol)
           Bond       G96Angle       CBT Dih.        LJ (SR)  Disper. corr.
    2.22767e+04    9.95304e+03   -3.58970e+02   -1.98877e+05   -2.61758e+04
   Coulomb (SR) Position Rest.      Potential    Kinetic En.   Total Energy
   -3.38700e+04    8.27854e-08   -2.27052e+05    3.15787e+04   -1.95473e+05
  Conserved En.    Temperature Pres. DC (bar) Pressure (bar)
   -1.95473e+05    2.02336e+02   -5.61327e+02   -6.33739e+02

           Step           Time
           1000       10.00000

   Energies (kJ/mol)
           Bond       G96Angle       CBT Dih.        LJ (SR)  Disper. corr.
    1.78440e+04    9.03580e+03   -3.50304e+02   -2.01461e+05   -2.61758e+04
   Coulomb (SR) Position Rest.      Potential    Kinetic En.   Total Energy
   -3.45189e+04    6.36586e+03   -2.29261e+05    3.14997e+04   -1.97761e+05
  Conserved En.    Temperature Pres. DC (bar) Pressure (bar)
   -1.95820e+05    2.01830e+02   -5.61327e+02   -9.80957e+02

           Step           Time
           2000       20.00000

   Energies (kJ/mol)
           Bond       G96Angle       CBT Dih.        LJ (SR)  Disper. corr.
    1.71196e+04    9.05385e+03   -3.52167e+02   -2.02105e+05   -2.61758e+04
   Coulomb (SR) Position Rest.      Potential    Kinetic En.   Total Energy
   -3.44805e+04    6.64829e+03   -2.30292e+05    3.11463e+04   -1.99146e+05
  Conserved En.    Temperature Pres. DC (bar) Pressure (bar)
   -1.96180e+05    1.99565e+02   -5.61327e+02   -9.69052e+02

           Step           Time
           3000       30.00000

   Energies (kJ/mol)
           Bond       G96Angle       CBT Dih.        LJ (SR)  Disper. corr.
    1.72647e+04    9.05828e+03   -3.29349e+02   -2.02189e+05   -2.61758e+04
   Coulomb (SR) Position Rest.      Potential    Kinetic En.   Total Energy
   -3.45226e+04    6.77229e+03   -2.30122e+05    3.08703e+04   -1.99251e+05
  Conserved En.    Temperature Pres. DC (bar) Pressure (bar)
   -1.96527e+05    1.97797e+02   -5.61327e+02   -9.76864e+02

           Step           Time
           4000       40.00000

   Energies (kJ/mol)
           Bond       G96Angle       CBT Dih.        LJ (SR)  Disper. corr.
    1.76135e+04    9.09271e+03   -3.28616e+02   -2.02777e+05   -2.61758e+04
   Coulomb (SR) Position Rest.      Potential    Kinetic En.   Total Energy
   -3.47368e+04    6.94880e+03   -2.30363e+05    3.11338e+04   -1.99229e+05
  Conserved En.    Temperature Pres. DC (bar) Pressure (bar)
   -1.96876e+05    1.99485e+02   -5.61327e+02   -1.01164e+03

           Step           Time
           5000       50.00000

   Energies (kJ/mol)
           Bond       G96Angle       CBT Dih.        LJ (SR)  Disper. corr.
    1.71032e+04    9.00603e+03   -3.23882e+02   -2.03080e+05   -2.61758e+04
   Coulomb (SR) Position Rest.      Potential    Kinetic En.   Total Energy
   -3.47331e+04    7.13986e+03   -2.31063e+05    3.09448e+04   -2.00119e+05
  Conserved En.    Temperature Pres. DC (bar) Pressure (bar)
   -1.97232e+05    1.98274e+02   -5.61327e+02   -1.02552e+03

           Step           Time
           6000       60.00000

   Energies (kJ/mol)
           Bond       G96Angle       CBT Dih.        LJ (SR)  Disper. corr.
    1.70738e+04    8.74084e+03   -3.46232e+02   -2.02736e+05   -2.61758e+04
   Coulomb (SR) Position Rest.      Potential    Kinetic En.   Total Energy
   -3.48178e+04    7.33192e+03   -2.30930e+05    3.07051e+04   -2.00224e+05
  Conserved En.    Temperature Pres. DC (bar) Pressure (bar)
   -1.97580e+05    1.96738e+02   -5.61327e+02   -1.00662e+03

           Step           Time
           7000       70.00000

   Energies (kJ/mol)
           Bond       G96Angle       CBT Dih.        LJ (SR)  Disper. corr.
    1.71494e+04    8.92037e+03   -3.33568e+02   -2.03447e+05   -2.61758e+04
   Coulomb (SR) Position Rest.      Potential    Kinetic En.   Total Energy
   -3.47108e+04    7.10846e+03   -2.31489e+05    3.12306e+04   -2.00258e+05
  Conserved En.    Temperature Pres. DC (bar) Pressure (bar)
   -1.97943e+05    2.00105e+02   -5.61327e+02   -1.10483e+03

           Step           Time
           8000       80.00000

   Energies (kJ/mol)
           Bond       G96Angle       CBT Dih.        LJ (SR)  Disper. corr.
    1.71042e+04    8.88033e+03   -3.22026e+02   -2.03797e+05   -2.61758e+04
   Coulomb (SR) Position Rest.      Potential    Kinetic En.   Total Energy
   -3.48040e+04    7.36297e+03   -2.31751e+05    3.12153e+04   -2.00536e+05
  Conserved En.    Temperature Pres. DC (bar) Pressure (bar)
   -1.98293e+05    2.00007e+02   -5.61327e+02   -1.07162e+03

           Step           Time
           9000       90.00000

   Energies (kJ/mol)
           Bond       G96Angle       CBT Dih.        LJ (SR)  Disper. corr.
    1.72231e+04    8.90475e+03   -3.16578e+02   -2.03438e+05   -2.61758e+04
   Coulomb (SR) Position Rest.      Potential    Kinetic En.   Total Energy
   -3.48481e+04    6.98582e+03   -2.31665e+05    3.10945e+04   -2.00571e+05
  Conserved En.    Temperature Pres. DC (bar) Pressure (bar)
   -1.98646e+05    1.99233e+02   -5.61327e+02   -9.89413e+02

           Step           Time
          10000      100.00000

   Energies (kJ/mol)
           Bond       G96Angle       CBT Dih.        LJ (SR)  Disper. corr.
    1.69623e+04    9.09123e+03   -3.06298e+02   -2.03694e+05   -2.61758e+04
   Coulomb (SR) Position Rest.      Potential    Kinetic En.   Total Energy
   -3.47900e+04    7.11074e+03   -2.31801e+05    3.13456e+04   -2.00456e+05
  Conserved En.    Temperature Pres. DC (bar) Pressure (bar)
   -1.99003e+05    2.00842e+02   -5.61327e+02   -1.01716e+03

           Step           Time
          11000      110.00000

   Energies (kJ/mol)
           Bond       G96Angle       CBT Dih.        LJ (SR)  Disper. corr.
    1.70176e+04    9.04968e+03   -3.19651e+02   -2.03277e+05   -2.61758e+04
   Coulomb (SR) Position Rest.      Potential    Kinetic En.   Total Energy
   -3.47359e+04    7.32538e+03   -2.31116e+05    3.14489e+04   -1.99667e+05
  Conserved En.    Temperature Pres. DC (bar) Pressure (bar)
   -1.99363e+05    2.01504e+02   -5.61327e+02   -1.02537e+03

           Step           Time
          12000      120.00000

   Energies (kJ/mol)
           Bond       G96Angle       CBT Dih.        LJ (SR)  Disper. corr.
    1.71104e+04    8.91626e+03   -3.15288e+02   -2.03434e+05   -2.61758e+04
   Coulomb (SR) Position Rest.      Potential    Kinetic En.   Total Energy
   -3.49325e+04    7.12770e+03   -2.31703e+05    3.10254e+04   -2.00678e+05
  Conserved En.    Temperature Pres. DC (bar) Pressure (bar)
   -1.99719e+05    1.98791e+02   -5.61327e+02   -1.04847e+03

           Step           Time
          13000      130.00000

   Energies (kJ/mol)
           Bond       G96Angle       CBT Dih.        LJ (SR)  Disper. corr.
    1.67757e+04    8.80417e+03   -3.17465e+02   -2.02973e+05   -2.61758e+04
   Coulomb (SR) Position Rest.      Potential    Kinetic En.   Total Energy
   -3.49254e+04    7.37920e+03   -2.31432e+05    3.12220e+04   -2.00210e+05
  Conserved En.    Temperature Pres. DC (bar) Pressure (bar)
   -2.00072e+05    2.00050e+02   -5.61327e+02   -9.80256e+02

           Step           Time
          14000      140.00000

   Energies (kJ/mol)
           Bond       G96Angle       CBT Dih.        LJ (SR)  Disper. corr.
    1.73439e+04    9.11519e+03   -3.25062e+02   -2.03262e+05   -2.61758e+04
   Coulomb (SR) Position Rest.      Potential    Kinetic En.   Total Energy
   -3.48868e+04    7.15774e+03   -2.31033e+05    3.11777e+04   -1.99855e+05
  Conserved En.    Temperature Pres. DC (bar) Pressure (bar)
   -2.00430e+05    1.99767e+02   -5.61327e+02   -1.02358e+03

           Step           Time
          15000      150.00000

   Energies (kJ/mol)
           Bond       G96Angle       CBT Dih.        LJ (SR)  Disper. corr.
    1.70423e+04    9.05737e+03   -3.18566e+02   -2.03632e+05   -2.61758e+04
   Coulomb (SR) Position Rest.      Potential    Kinetic En.   Total Energy
   -3.50090e+04    7.36358e+03   -2.31672e+05    3.09446e+04   -2.00727e+05
  Conserved En.    Temperature Pres. DC (bar) Pressure (bar)
   -2.00788e+05    1.98273e+02   -5.61327e+02   -1.02319e+03

           Step           Time
          16000      160.00000

   Energies (kJ/mol)
           Bond       G96Angle       CBT Dih.        LJ (SR)  Disper. corr.
    1.71713e+04    8.90546e+03   -3.28524e+02   -2.03461e+05   -2.61758e+04
   Coulomb (SR) Position Rest.      Potential    Kinetic En.   Total Energy
   -3.50665e+04    7.33036e+03   -2.31625e+05    3.09934e+04   -2.00631e+05
  Conserved En.    Temperature Pres. DC (bar) Pressure (bar)
   -2.01140e+05    1.98586e+02   -5.61327e+02   -1.03211e+03

           Step           Time
          17000      170.00000

   Energies (kJ/mol)
           Bond       G96Angle       CBT Dih.        LJ (SR)  Disper. corr.
    1.69160e+04    8.89246e+03   -3.30570e+02   -2.03704e+05   -2.61758e+04
   Coulomb (SR) Position Rest.      Potential    Kinetic En.   Total Energy
   -3.48985e+04    7.25157e+03   -2.32049e+05    3.11840e+04   -2.00865e+05
  Conserved En.    Temperature Pres. DC (bar) Pressure (bar)
   -2.01508e+05    1.99807e+02   -5.61327e+02   -1.07039e+03

           Step           Time
          18000      180.00000

   Energies (kJ/mol)
           Bond       G96Angle       CBT Dih.        LJ (SR)  Disper. corr.
    1.69517e+04    9.05626e+03   -3.04980e+02   -2.03722e+05   -2.61758e+04
   Coulomb (SR) Position Rest.      Potential    Kinetic En.   Total Energy
   -3.47892e+04    7.24926e+03   -2.31735e+05    3.15895e+04   -2.00145e+05
  Conserved En.    Temperature Pres. DC (bar) Pressure (bar)
   -2.01862e+05    2.02405e+02   -5.61327e+02   -1.05158e+03

           Step           Time
          19000      190.00000

   Energies (kJ/mol)
           Bond       G96Angle       CBT Dih.        LJ (SR)  Disper. corr.
    1.70547e+04    8.85238e+03   -3.15295e+02   -2.03971e+05   -2.61758e+04
   Coulomb (SR) Position Rest.      Potential    Kinetic En.   Total Energy
   -3.49146e+04    7.42050e+03   -2.32049e+05    3.03186e+04   -2.01731e+05
  Conserved En.    Temperature Pres. DC (bar) Pressure (bar)
   -2.02207e+05    1.94262e+02   -5.61327e+02   -1.13723e+03

           Step           Time
          20000      200.00000

   Energies (kJ/mol)
           Bond       G96Angle       CBT Dih.        LJ (SR)  Disper. corr.
    1.69456e+04    8.86354e+03   -3.23835e+02   -2.04130e+05   -2.61758e+04
   Coulomb (SR) Position Rest.      Potential    Kinetic En.   Total Energy
   -3.49164e+04    7.38961e+03   -2.32347e+05    3.10761e+04   -2.01271e+05
  Conserved En.    Temperature Pres. DC (bar) Pressure (bar)
   -2.02573e+05    1.99115e+02   -5.61327e+02   -1.05823e+03

           Step           Time
          21000      210.00000

   Energies (kJ/mol)
           Bond       G96Angle       CBT Dih.        LJ (SR)  Disper. corr.
    1.68519e+04    9.05682e+03   -3.08390e+02   -2.04622e+05   -2.61758e+04
   Coulomb (SR) Position Rest.      Potential    Kinetic En.   Total Energy
   -3.48629e+04    7.66159e+03   -2.32399e+05    3.12825e+04   -2.01116e+05
  Conserved En.    Temperature Pres. DC (bar) Pressure (bar)
   -2.02936e+05    2.00438e+02   -5.61327e+02   -1.14567e+03

           Step           Time
          22000      220.00000

   Energies (kJ/mol)
           Bond       G96Angle       CBT Dih.        LJ (SR)  Disper. corr.
    1.68693e+04    8.85015e+03   -2.90353e+02   -2.03828e+05   -2.61758e+04
   Coulomb (SR) Position Rest.      Potential    Kinetic En.   Total Energy
   -3.50316e+04    7.39903e+03   -2.32207e+05    3.11013e+04   -2.01106e+05
  Conserved En.    Temperature Pres. DC (bar) Pressure (bar)
   -2.03281e+05    1.99277e+02   -5.61327e+02   -1.08187e+03

           Step           Time
          23000      230.00000

   Energies (kJ/mol)
           Bond       G96Angle       CBT Dih.        LJ (SR)  Disper. corr.
    1.63604e+04    8.93021e+03   -3.09840e+02   -2.04379e+05   -2.61758e+04
   Coulomb (SR) Position Rest.      Potential    Kinetic En.   Total Energy
   -3.49488e+04    7.31146e+03   -2.33211e+05    3.12241e+04   -2.01987e+05
  Conserved En.    Temperature Pres. DC (bar) Pressure (bar)
   -2.03654e+05    2.00063e+02   -5.61327e+02   -1.13392e+03

           Step           Time
          24000      240.00000

   Energies (kJ/mol)
           Bond       G96Angle       CBT Dih.        LJ (SR)  Disper. corr.
    1.67759e+04    8.87946e+03   -3.06058e+02   -2.04099e+05   -2.61758e+04
   Coulomb (SR) Position Rest.      Potential    Kinetic En.   Total Energy
   -3.50302e+04    7.34716e+03   -2.32609e+05    3.13478e+04   -2.01261e+05
  Conserved En.    Temperature Pres. DC (bar) Pressure (bar)
   -2.04020e+05    2.00856e+02   -5.61327e+02   -1.09938e+03

           Step           Time
          25000      250.00000

   Energies (kJ/mol)
           Bond       G96Angle       CBT Dih.        LJ (SR)  Disper. corr.
    1.68323e+04    8.81980e+03   -3.22568e+02   -2.04259e+05   -2.61758e+04
   Coulomb (SR) Position Rest.      Potential    Kinetic En.   Total Energy
   -3.48922e+04    7.50794e+03   -2.32489e+05    3.07728e+04   -2.01717e+05
  Conserved En.    Temperature Pres. DC (bar) Pressure (bar)
   -2.04367e+05    1.97172e+02   -5.61327e+02   -1.12536e+03

           Step           Time
          26000      260.00000

   Energies (kJ/mol)
           Bond       G96Angle       CBT Dih.        LJ (SR)  Disper. corr.
    1.68510e+04    8.82071e+03   -3.13257e+02   -2.04396e+05   -2.61758e+04
   Coulomb (SR) Position Rest.      Potential    Kinetic En.   Total Energy
   -3.49725e+04    7.38622e+03   -2.32799e+05    3.13703e+04   -2.01429e+05
  Conserved En.    Temperature Pres. DC (bar) Pressure (bar)
   -2.04739e+05    2.01000e+02   -5.61327e+02   -1.09973e+03

           Step           Time
          27000      270.00000

   Energies (kJ/mol)
           Bond       G96Angle       CBT Dih.        LJ (SR)  Disper. corr.
    1.67166e+04    8.96379e+03   -3.07742e+02   -2.04376e+05   -2.61758e+04
   Coulomb (SR) Position Rest.      Potential    Kinetic En.   Total Energy
   -3.51633e+04    7.48958e+03   -2.32853e+05    3.08745e+04   -2.01978e+05
  Conserved En.    Temperature Pres. DC (bar) Pressure (bar)
   -2.05093e+05    1.97824e+02   -5.61327e+02   -1.14576e+03

           Step           Time
          28000      280.00000

   Energies (kJ/mol)
           Bond       G96Angle       CBT Dih.        LJ (SR)  Disper. corr.
    1.68111e+04    8.98554e+03   -3.26585e+02   -2.04266e+05   -2.61758e+04
   Coulomb (SR) Position Rest.      Potential    Kinetic En.   Total Energy
   -3.49978e+04    7.38225e+03   -2.32588e+05    3.11880e+04   -2.01400e+05
  Conserved En.    Temperature Pres. DC (bar) Pressure (bar)
   -2.05443e+05    1.99832e+02   -5.61327e+02   -1.09089e+03

           Step           Time
          29000      290.00000

   Energies (kJ/mol)
           Bond       G96Angle       CBT Dih.        LJ (SR)  Disper. corr.
    1.67433e+04    9.14908e+03   -3.10488e+02   -2.04376e+05   -2.61758e+04
   Coulomb (SR) Position Rest.      Potential    Kinetic En.   Total Energy
   -3.50397e+04    7.44158e+03   -2.32568e+05    3.08090e+04   -2.01759e+05
  Conserved En.    Temperature Pres. DC (bar) Pressure (bar)
   -2.05789e+05    1.97404e+02   -5.61327e+02   -1.15541e+03

           Step           Time
          30000      300.00000

   Energies (kJ/mol)
           Bond       G96Angle       CBT Dih.        LJ (SR)  Disper. corr.
    1.66585e+04    8.82775e+03   -3.15754e+02   -2.04388e+05   -2.61758e+04
   Coulomb (SR) Position Rest.      Potential    Kinetic En.   Total Energy
   -3.51556e+04    7.34807e+03   -2.33200e+05    3.14071e+04   -2.01793e+05
  Conserved En.    Temperature Pres. DC (bar) Pressure (bar)
   -2.06157e+05    2.01236e+02   -5.61327e+02   -1.07113e+03

           Step           Time
          31000      310.00000

   Energies (kJ/mol)
           Bond       G96Angle       CBT Dih.        LJ (SR)  Disper. corr.
    1.68709e+04    8.82984e+03   -3.25807e+02   -2.04545e+05   -2.61758e+04
   Coulomb (SR) Position Rest.      Potential    Kinetic En.   Total Energy
   -3.50147e+04    7.37943e+03   -2.32981e+05    3.08655e+04   -2.02116e+05
  Conserved En.    Temperature Pres. DC (bar) Pressure (bar)
   -2.06506e+05    1.97766e+02   -5.61327e+02   -1.12953e+03

           Step           Time
          32000      320.00000

   Energies (kJ/mol)
           Bond       G96Angle       CBT Dih.        LJ (SR)  Disper. corr.
    1.68334e+04    8.99244e+03   -2.98681e+02   -2.04456e+05   -2.61758e+04
   Coulomb (SR) Position Rest.      Potential    Kinetic En.   Total Energy
   -3.49463e+04    7.27358e+03   -2.32777e+05    3.08425e+04   -2.01935e+05
  Conserved En.    Temperature Pres. DC (bar) Pressure (bar)
   -2.06863e+05    1.97619e+02   -5.61327e+02   -1.13665e+03

           Step           Time
          33000      330.00000

   Energies (kJ/mol)
           Bond       G96Angle       CBT Dih.        LJ (SR)  Disper. corr.
    1.67727e+04    8.84318e+03   -3.08448e+02   -2.04384e+05   -2.61758e+04
   Coulomb (SR) Position Rest.      Potential    Kinetic En.   Total Energy
   -3.51514e+04    7.47974e+03   -2.32924e+05    3.11711e+04   -2.01753e+05
  Conserved En.    Temperature Pres. DC (bar) Pressure (bar)
   -2.07233e+05    1.99724e+02   -5.61327e+02   -1.10332e+03

           Step           Time
          34000      340.00000

   Energies (kJ/mol)
           Bond       G96Angle       CBT Dih.        LJ (SR)  Disper. corr.
    1.67452e+04    8.95360e+03   -3.11038e+02   -2.04671e+05   -2.61758e+04
   Coulomb (SR) Position Rest.      Potential    Kinetic En.   Total Energy
   -3.51244e+04    7.32419e+03   -2.33259e+05    3.12926e+04   -2.01966e+05
  Conserved En.    Temperature Pres. DC (bar) Pressure (bar)
   -2.07582e+05    2.00502e+02   -5.61327e+02   -1.15072e+03

           Step           Time
          35000      350.00000

   Energies (kJ/mol)
           Bond       G96Angle       CBT Dih.        LJ (SR)  Disper. corr.
    1.67697e+04    8.98583e+03   -3.22890e+02   -2.04126e+05   -2.61758e+04
   Coulomb (SR) Position Rest.      Potential    Kinetic En.   Total Energy
   -3.51650e+04    7.53461e+03   -2.32499e+05    3.15344e+04   -2.00965e+05
  Conserved En.    Temperature Pres. DC (bar) Pressure (bar)
   -2.07944e+05    2.02052e+02   -5.61327e+02   -1.07328e+03

           Step           Time
          36000      360.00000

   Energies (kJ/mol)
           Bond       G96Angle       CBT Dih.        LJ (SR)  Disper. corr.
    1.68112e+04    9.01006e+03   -3.16667e+02   -2.04813e+05   -2.61758e+04
   Coulomb (SR) Position Rest.      Potential    Kinetic En.   Total Energy
   -3.51792e+04    7.70847e+03   -2.32955e+05    3.09001e+04   -2.02055e+05
  Conserved En.    Temperature Pres. DC (bar) Pressure (bar)
   -2.08311e+05    1.97987e+02   -5.61327e+02   -1.08558e+03

           Step           Time
          37000      370.00000

   Energies (kJ/mol)
           Bond       G96Angle       CBT Dih.        LJ (SR)  Disper. corr.
    1.67272e+04    8.82286e+03   -3.11622e+02   -2.04775e+05   -2.61758e+04
   Coulomb (SR) Position Rest.      Potential    Kinetic En.   Total Energy
   -3.52446e+04    7.54330e+03   -2.33413e+05    3.10906e+04   -2.02323e+05
  Conserved En.    Temperature Pres. DC (bar) Pressure (bar)
   -2.08667e+05    1.99208e+02   -5.61327e+02   -1.09687e+03

           Step           Time
          38000      380.00000

   Energies (kJ/mol)
           Bond       G96Angle       CBT Dih.        LJ (SR)  Disper. corr.
    1.67212e+04    8.85379e+03   -2.95547e+02   -2.04984e+05   -2.61758e+04
   Coulomb (SR) Position Rest.      Potential    Kinetic En.   Total Energy
   -3.52148e+04    7.66671e+03   -2.33428e+05    3.14869e+04   -2.01941e+05
  Conserved En.    Temperature Pres. DC (bar) Pressure (bar)
   -2.09021e+05    2.01747e+02   -5.61327e+02   -1.10623e+03

           Step           Time
          39000      390.00000

   Energies (kJ/mol)
           Bond       G96Angle       CBT Dih.        LJ (SR)  Disper. corr.
    1.70470e+04    8.82025e+03   -3.38199e+02   -2.05121e+05   -2.61758e+04
   Coulomb (SR) Position Rest.      Potential    Kinetic En.   Total Energy
   -3.51431e+04    7.60450e+03   -2.33306e+05    3.10271e+04   -2.02279e+05
  Conserved En.    Temperature Pres. DC (bar) Pressure (bar)
   -2.09386e+05    1.98802e+02   -5.61327e+02   -1.14775e+03

           Step           Time
          40000      400.00000

   Energies (kJ/mol)
           Bond       G96Angle       CBT Dih.        LJ (SR)  Disper. corr.
    1.66151e+04    8.82783e+03   -3.25157e+02   -2.04696e+05   -2.61758e+04
   Coulomb (SR) Position Rest.      Potential    Kinetic En.   Total Energy
   -3.51964e+04    7.81841e+03   -2.33132e+05    3.08515e+04   -2.02280e+05
  Conserved En.    Temperature Pres. DC (bar) Pressure (bar)
   -2.09728e+05    1.97677e+02   -5.61327e+02   -1.13694e+03

           Step           Time
          41000      410.00000

   Energies (kJ/mol)
           Bond       G96Angle       CBT Dih.        LJ (SR)  Disper. corr.
    1.70789e+04    8.92077e+03   -3.32701e+02   -2.04598e+05   -2.61758e+04
   Coulomb (SR) Position Rest.      Potential    Kinetic En.   Total Energy
   -3.52109e+04    7.51740e+03   -2.32800e+05    3.13486e+04   -2.01452e+05
  Conserved En.    Temperature Pres. DC (bar) Pressure (bar)
   -2.10092e+05    2.00861e+02   -5.61327e+02   -1.11587e+03

           Step           Time
          42000      420.00000

   Energies (kJ/mol)
           Bond       G96Angle       CBT Dih.        LJ (SR)  Disper. corr.
    1.69042e+04    8.99412e+03   -3.09198e+02   -2.04546e+05   -2.61758e+04
   Coulomb (SR) Position Rest.      Potential    Kinetic En.   Total Energy
   -3.52509e+04    7.64549e+03   -2.32738e+05    3.09280e+04   -2.01810e+05
  Conserved En.    Temperature Pres. DC (bar) Pressure (bar)
   -2.10445e+05    1.98166e+02   -5.61327e+02   -1.10212e+03

           Step           Time
          43000      430.00000

   Energies (kJ/mol)
           Bond       G96Angle       CBT Dih.        LJ (SR)  Disper. corr.
    1.70483e+04    8.76852e+03   -3.21363e+02   -2.04737e+05   -2.61758e+04
   Coulomb (SR) Position Rest.      Potential    Kinetic En.   Total Energy
   -3.52116e+04    7.53957e+03   -2.33090e+05    3.13609e+04   -2.01729e+05
  Conserved En.    Temperature Pres. DC (bar) Pressure (bar)
   -2.10812e+05    2.00940e+02   -5.61327e+02   -1.07508e+03

           Step           Time
          44000      440.00000

   Energies (kJ/mol)
           Bond       G96Angle       CBT Dih.        LJ (SR)  Disper. corr.
    1.67735e+04    8.87094e+03   -3.25758e+02   -2.05017e+05   -2.61758e+04
   Coulomb (SR) Position Rest.      Potential    Kinetic En.   Total Energy
   -3.51831e+04    7.47833e+03   -2.33579e+05    3.15214e+04   -2.02058e+05
  Conserved En.    Temperature Pres. DC (bar) Pressure (bar)
   -2.11175e+05    2.01969e+02   -5.61327e+02   -1.13285e+03

           Step           Time
          45000      450.00000

   Energies (kJ/mol)
           Bond       G96Angle       CBT Dih.        LJ (SR)  Disper. corr.
    1.67210e+04    8.76004e+03   -3.35554e+02   -2.04629e+05   -2.61758e+04
   Coulomb (SR) Position Rest.      Potential    Kinetic En.   Total Energy
   -3.51770e+04    7.55107e+03   -2.33285e+05    3.11173e+04   -2.02168e+05
  Conserved En.    Temperature Pres. DC (bar) Pressure (bar)
   -2.11535e+05    1.99379e+02   -5.61327e+02   -1.15972e+03

           Step           Time
          46000      460.00000

   Energies (kJ/mol)
           Bond       G96Angle       CBT Dih.        LJ (SR)  Disper. corr.
    1.67947e+04    8.89626e+03   -3.27286e+02   -2.04731e+05   -2.61758e+04
   Coulomb (SR) Position Rest.      Potential    Kinetic En.   Total Energy
   -3.52607e+04    7.66613e+03   -2.33137e+05    3.13113e+04   -2.01826e+05
  Conserved En.    Temperature Pres. DC (bar) Pressure (bar)
   -2.11897e+05    2.00622e+02   -5.61327e+02   -1.20145e+03

           Step           Time
          47000      470.00000

   Energies (kJ/mol)
           Bond       G96Angle       CBT Dih.        LJ (SR)  Disper. corr.
    1.68938e+04    8.87051e+03   -2.97449e+02   -2.04462e+05   -2.61758e+04
   Coulomb (SR) Position Rest.      Potential    Kinetic En.   Total Energy
   -3.52480e+04    7.65637e+03   -2.32763e+05    3.14906e+04   -2.01272e+05
  Conserved En.    Temperature Pres. DC (bar) Pressure (bar)
   -2.12269e+05    2.01771e+02   -5.61327e+02   -1.08486e+03

           Step           Time
          48000      480.00000

   Energies (kJ/mol)
           Bond       G96Angle       CBT Dih.        LJ (SR)  Disper. corr.
    1.67176e+04    8.76433e+03   -3.13431e+02   -2.04498e+05   -2.61758e+04
   Coulomb (SR) Position Rest.      Potential    Kinetic En.   Total Energy
   -3.53181e+04    7.68530e+03   -2.33138e+05    3.10848e+04   -2.02053e+05
  Conserved En.    Temperature Pres. DC (bar) Pressure (bar)
   -2.12627e+05    1.99171e+02   -5.61327e+02   -1.16089e+03

           Step           Time
          49000      490.00000

   Energies (kJ/mol)
           Bond       G96Angle       CBT Dih.        LJ (SR)  Disper. corr.
    1.67063e+04    8.85341e+03   -3.16189e+02   -2.04631e+05   -2.61758e+04
   Coulomb (SR) Position Rest.      Potential    Kinetic En.   Total Energy
   -3.52879e+04    7.51637e+03   -2.33335e+05    3.10171e+04   -2.02318e+05
  Conserved En.    Temperature Pres. DC (bar) Pressure (bar)
   -2.12979e+05    1.98737e+02   -5.61327e+02   -1.17963e+03

           Step           Time
          50000      500.00000

   Energies (kJ/mol)
           Bond       G96Angle       CBT Dih.        LJ (SR)  Disper. corr.
    1.66653e+04    9.09148e+03   -2.96094e+02   -2.05271e+05   -2.61758e+04
   Coulomb (SR) Position Rest.      Potential    Kinetic En.   Total Energy
   -3.53505e+04    7.91555e+03   -2.33421e+05    3.13174e+04   -2.02104e+05
  Conserved En.    Temperature Pres. DC (bar) Pressure (bar)
   -2.13343e+05    2.00662e+02   -5.61327e+02   -1.17028e+03

           Step           Time
          51000      510.00000

   Energies (kJ/mol)
           Bond       G96Angle       CBT Dih.        LJ (SR)  Disper. corr.
    1.68350e+04    9.01335e+03   -2.99480e+02   -2.05791e+05   -2.61758e+04
   Coulomb (SR) Position Rest.      Potential    Kinetic En.   Total Energy
   -3.54816e+04    7.74261e+03   -2.34157e+05    3.15839e+04   -2.02573e+05
  Conserved En.    Temperature Pres. DC (bar) Pressure (bar)
   -2.13705e+05    2.02369e+02   -5.61327e+02   -1.15393e+03

           Step           Time
          52000      520.00000

   Energies (kJ/mol)
           Bond       G96Angle       CBT Dih.        LJ (SR)  Disper. corr.
    1.65788e+04    9.04869e+03   -3.17581e+02   -2.04864e+05   -2.61758e+04
   Coulomb (SR) Position Rest.      Potential    Kinetic En.   Total Energy
   -3.53668e+04    7.61914e+03   -2.33477e+05    3.12423e+04   -2.02235e+05
  Conserved En.    Temperature Pres. DC (bar) Pressure (bar)
   -2.14060e+05    2.00180e+02   -5.61327e+02   -1.12850e+03

           Step           Time
          53000      530.00000

   Energies (kJ/mol)
           Bond       G96Angle       CBT Dih.        LJ (SR)  Disper. corr.
    1.69043e+04    8.88590e+03   -3.06446e+02   -2.05365e+05   -2.61758e+04
   Coulomb (SR) Position Rest.      Potential    Kinetic En.   Total Energy
   -3.52125e+04    7.49059e+03   -2.33779e+05    3.11434e+04   -2.02635e+05
  Conserved En.    Temperature Pres. DC (bar) Pressure (bar)
   -2.14413e+05    1.99547e+02   -5.61327e+02   -1.13748e+03

           Step           Time
          54000      540.00000

   Energies (kJ/mol)
           Bond       G96Angle       CBT Dih.        LJ (SR)  Disper. corr.
    1.63564e+04    8.81364e+03   -3.18343e+02   -2.05015e+05   -2.61758e+04
   Coulomb (SR) Position Rest.      Potential    Kinetic En.   Total Energy
   -3.53013e+04    7.62539e+03   -2.34015e+05    3.10901e+04   -2.02925e+05
  Conserved En.    Temperature Pres. DC (bar) Pressure (bar)
   -2.14773e+05    1.99205e+02   -5.61327e+02   -1.14832e+03

           Step           Time
          55000      550.00000

   Energies (kJ/mol)
           Bond       G96Angle       CBT Dih.        LJ (SR)  Disper. corr.
    1.66181e+04    8.70461e+03   -3.25862e+02   -2.04938e+05   -2.61758e+04
   Coulomb (SR) Position Rest.      Potential    Kinetic En.   Total Energy
   -3.54061e+04    7.68381e+03   -2.33839e+05    3.11081e+04   -2.02731e+05
  Conserved En.    Temperature Pres. DC (bar) Pressure (bar)
   -2.15125e+05    1.99320e+02   -5.61327e+02   -1.06984e+03

           Step           Time
          56000      560.00000

   Energies (kJ/mol)
           Bond       G96Angle       CBT Dih.        LJ (SR)  Disper. corr.
    1.67752e+04    8.76398e+03   -3.11469e+02   -2.05522e+05   -2.61758e+04
   Coulomb (SR) Position Rest.      Potential    Kinetic En.   Total Energy
   -3.54070e+04    7.70777e+03   -2.34170e+05    3.11555e+04   -2.03014e+05
  Conserved En.    Temperature Pres. DC (bar) Pressure (bar)
   -2.15487e+05    1.99624e+02   -5.61327e+02   -1.13430e+03

           Step           Time
          57000      570.00000

   Energies (kJ/mol)
           Bond       G96Angle       CBT Dih.        LJ (SR)  Disper. corr.
    1.69364e+04    8.85478e+03   -3.26346e+02   -2.05042e+05   -2.61758e+04
   Coulomb (SR) Position Rest.      Potential    Kinetic En.   Total Energy
   -3.52434e+04    7.65374e+03   -2.33342e+05    3.12147e+04   -2.02128e+05
  Conserved En.    Temperature Pres. DC (bar) Pressure (bar)
   -2.15834e+05    2.00003e+02   -5.61327e+02   -1.13149e+03

           Step           Time
          58000      580.00000

   Energies (kJ/mol)
           Bond       G96Angle       CBT Dih.        LJ (SR)  Disper. corr.
    1.67039e+04    8.88478e+03   -3.20720e+02   -2.05025e+05   -2.61758e+04
   Coulomb (SR) Position Rest.      Potential    Kinetic En.   Total Energy
   -3.53639e+04    7.64764e+03   -2.33649e+05    3.14793e+04   -2.02170e+05
  Conserved En.    Temperature Pres. DC (bar) Pressure (bar)
   -2.16197e+05    2.01699e+02   -5.61327e+02   -1.17707e+03

           Step           Time
          59000      590.00000

   Energies (kJ/mol)
           Bond       G96Angle       CBT Dih.        LJ (SR)  Disper. corr.
    1.66332e+04    8.78285e+03   -3.09365e+02   -2.05407e+05   -2.61758e+04
   Coulomb (SR) Position Rest.      Potential    Kinetic En.   Total Energy
   -3.54309e+04    7.70745e+03   -2.34200e+05    3.10467e+04   -2.03153e+05
  Conserved En.    Temperature Pres. DC (bar) Pressure (bar)
   -2.16549e+05    1.98927e+02   -5.61327e+02   -1.17813e+03

           Step           Time
          60000      600.00000

   Energies (kJ/mol)
           Bond       G96Angle       CBT Dih.        LJ (SR)  Disper. corr.
    1.67225e+04    8.82075e+03   -3.19452e+02   -2.05019e+05   -2.61758e+04
   Coulomb (SR) Position Rest.      Potential    Kinetic En.   Total Energy
   -3.53136e+04    7.47990e+03   -2.33805e+05    3.12773e+04   -2.02528e+05
  Conserved En.    Temperature Pres. DC (bar) Pressure (bar)
   -2.16911e+05    2.00405e+02   -5.61327e+02   -1.18116e+03

           Step           Time
          61000      610.00000

   Energies (kJ/mol)
           Bond       G96Angle       CBT Dih.        LJ (SR)  Disper. corr.
    1.69511e+04    9.00729e+03   -3.35965e+02   -2.05269e+05   -2.61758e+04
   Coulomb (SR) Position Rest.      Potential    Kinetic En.   Total Energy
   -3.53191e+04    7.69828e+03   -2.33443e+05    3.07550e+04   -2.02688e+05
  Conserved En.    Temperature Pres. DC (bar) Pressure (bar)
   -2.17266e+05    1.97058e+02   -5.61327e+02   -1.17727e+03

           Step           Time
          62000      620.00000

   Energies (kJ/mol)
           Bond       G96Angle       CBT Dih.        LJ (SR)  Disper. corr.
    1.67898e+04    8.79109e+03   -3.03676e+02   -2.05128e+05   -2.61758e+04
   Coulomb (SR) Position Rest.      Potential    Kinetic En.   Total Energy
   -3.53509e+04    7.68619e+03   -2.33691e+05    3.14611e+04   -2.02230e+05
  Conserved En.    Temperature Pres. DC (bar) Pressure (bar)
   -2.17631e+05    2.01582e+02   -5.61327e+02   -1.11918e+03

           Step           Time
          63000      630.00000

   Energies (kJ/mol)
           Bond       G96Angle       CBT Dih.        LJ (SR)  Disper. corr.
    1.63592e+04    8.74946e+03   -3.12980e+02   -2.05163e+05   -2.61758e+04
   Coulomb (SR) Position Rest.      Potential    Kinetic En.   Total Energy
   -3.53664e+04    7.72326e+03   -2.34186e+05    3.12464e+04   -2.02940e+05
  Conserved En.    Temperature Pres. DC (bar) Pressure (bar)
   -2.17982e+05    2.00206e+02   -5.61327e+02   -1.19150e+03

           Step           Time
          64000      640.00000

   Energies (kJ/mol)
           Bond       G96Angle       CBT Dih.        LJ (SR)  Disper. corr.
    1.66907e+04    8.69977e+03   -3.34918e+02   -2.04759e+05   -2.61758e+04
   Coulomb (SR) Position Rest.      Potential    Kinetic En.   Total Energy
   -3.53276e+04    7.58521e+03   -2.33622e+05    3.09738e+04   -2.02648e+05
  Conserved En.    Temperature Pres. DC (bar) Pressure (bar)
   -2.18331e+05    1.98460e+02   -5.61327e+02   -1.12605e+03

           Step           Time
          65000      650.00000

   Energies (kJ/mol)
           Bond       G96Angle       CBT Dih.        LJ (SR)  Disper. corr.
    1.67840e+04    8.85856e+03   -3.20953e+02   -2.05138e+05   -2.61758e+04
   Coulomb (SR) Position Rest.      Potential    Kinetic En.   Total Energy
   -3.54335e+04    7.68837e+03   -2.33737e+05    3.12232e+04   -2.02514e+05
  Conserved En.    Temperature Pres. DC (bar) Pressure (bar)
   -2.18695e+05    2.00058e+02   -5.61327e+02   -1.17433e+03

           Step           Time
          66000      660.00000

   Energies (kJ/mol)
           Bond       G96Angle       CBT Dih.        LJ (SR)  Disper. corr.
    1.66441e+04    8.99878e+03   -3.32113e+02   -2.05271e+05   -2.61758e+04
   Coulomb (SR) Position Rest.      Potential    Kinetic En.   Total Energy
   -3.52366e+04    7.63045e+03   -2.33742e+05    3.10205e+04   -2.02722e+05
  Conserved En.    Temperature Pres. DC (bar) Pressure (bar)
   -2.19056e+05    1.98759e+02   -5.61327e+02   -1.19510e+03

           Step           Time
          67000      670.00000

   Energies (kJ/mol)
           Bond       G96Angle       CBT Dih.        LJ (SR)  Disper. corr.
    1.69005e+04    8.72599e+03   -3.25653e+02   -2.05604e+05   -2.61758e+04
   Coulomb (SR) Position Rest.      Potential    Kinetic En.   Total Energy
   -3.53549e+04    7.67855e+03   -2.34156e+05    3.11474e+04   -2.03008e+05
  Conserved En.    Temperature Pres. DC (bar) Pressure (bar)
   -2.19415e+05    1.99573e+02   -5.61327e+02   -1.17053e+03

           Step           Time
          68000      680.00000

   Energies (kJ/mol)
           Bond       G96Angle       CBT Dih.        LJ (SR)  Disper. corr.
    1.65036e+04    8.82391e+03   -3.28437e+02   -2.05200e+05   -2.61758e+04
   Coulomb (SR) Position Rest.      Potential    Kinetic En.   Total Energy
   -3.54438e+04    7.54207e+03   -2.34278e+05    3.13854e+04   -2.02893e+05
  Conserved En.    Temperature Pres. DC (bar) Pressure (bar)
   -2.19766e+05    2.01097e+02   -5.61327e+02   -1.12010e+03

           Step           Time
          69000      690.00000

   Energies (kJ/mol)
           Bond       G96Angle       CBT Dih.        LJ (SR)  Disper. corr.
    1.68631e+04    8.80495e+03   -3.36317e+02   -2.05282e+05   -2.61758e+04
   Coulomb (SR) Position Rest.      Potential    Kinetic En.   Total Energy
   -3.51861e+04    7.64509e+03   -2.33667e+05    3.15730e+04   -2.02094e+05
  Conserved En.    Temperature Pres. DC (bar) Pressure (bar)
   -2.20139e+05    2.02299e+02   -5.61327e+02   -1.17093e+03

           Step           Time
          70000      700.00000

   Energies (kJ/mol)
           Bond       G96Angle       CBT Dih.        LJ (SR)  Disper. corr.
    1.69426e+04    8.75872e+03   -3.29830e+02   -2.05282e+05   -2.61758e+04
   Coulomb (SR) Position Rest.      Potential    Kinetic En.   Total Energy
   -3.52913e+04    7.57100e+03   -2.33806e+05    3.14241e+04   -2.02382e+05
  Conserved En.    Temperature Pres. DC (bar) Pressure (bar)
   -2.20489e+05    2.01345e+02   -5.61327e+02   -1.18685e+03

           Step           Time
          71000      710.00000

   Energies (kJ/mol)
           Bond       G96Angle       CBT Dih.        LJ (SR)  Disper. corr.
    1.67369e+04    8.83988e+03   -3.23066e+02   -2.05257e+05   -2.61758e+04
   Coulomb (SR) Position Rest.      Potential    Kinetic En.   Total Energy
   -3.53650e+04    7.43931e+03   -2.34105e+05    3.15805e+04   -2.02524e+05
  Conserved En.    Temperature Pres. DC (bar) Pressure (bar)
   -2.20840e+05    2.02347e+02   -5.61327e+02   -1.13314e+03

           Step           Time
          72000      720.00000

   Energies (kJ/mol)
           Bond       G96Angle       CBT Dih.        LJ (SR)  Disper. corr.
    1.68611e+04    8.74849e+03   -3.08621e+02   -2.05045e+05   -2.61758e+04
   Coulomb (SR) Position Rest.      Potential    Kinetic En.   Total Energy
   -3.53542e+04    7.59204e+03   -2.33682e+05    3.10780e+04   -2.02604e+05
  Conserved En.    Temperature Pres. DC (bar) Pressure (bar)
   -2.21192e+05    1.99127e+02   -5.61327e+02   -1.13173e+03

           Step           Time
          73000      730.00000

   Energies (kJ/mol)
           Bond       G96Angle       CBT Dih.        LJ (SR)  Disper. corr.
    1.67030e+04    8.69336e+03   -3.33309e+02   -2.05069e+05   -2.61758e+04
   Coulomb (SR) Position Rest.      Potential    Kinetic En.   Total Energy
   -3.53631e+04    7.73208e+03   -2.33813e+05    3.10740e+04   -2.02739e+05
  Conserved En.    Temperature Pres. DC (bar) Pressure (bar)
   -2.21553e+05    1.99102e+02   -5.61327e+02   -1.22369e+03

           Step           Time
          74000      740.00000

   Energies (kJ/mol)
           Bond       G96Angle       CBT Dih.        LJ (SR)  Disper. corr.
    1.64812e+04    8.90285e+03   -3.29037e+02   -2.05354e+05   -2.61758e+04
   Coulomb (SR) Position Rest.      Potential    Kinetic En.   Total Energy
   -3.53881e+04    7.49202e+03   -2.34371e+05    3.19146e+04   -2.02456e+05
  Conserved En.    Temperature Pres. DC (bar) Pressure (bar)
   -2.21911e+05    2.04488e+02   -5.61327e+02   -1.15239e+03

           Step           Time
          75000      750.00000

   Energies (kJ/mol)
           Bond       G96Angle       CBT Dih.        LJ (SR)  Disper. corr.
    1.65961e+04    8.90382e+03   -3.07231e+02   -2.05103e+05   -2.61758e+04
   Coulomb (SR) Position Rest.      Potential    Kinetic En.   Total Energy
   -3.52265e+04    7.82878e+03   -2.33484e+05    3.11993e+04   -2.02285e+05
  Conserved En.    Temperature Pres. DC (bar) Pressure (bar)
   -2.22256e+05    1.99905e+02   -5.61327e+02   -1.13470e+03

           Step           Time
          76000      760.00000

   Energies (kJ/mol)
           Bond       G96Angle       CBT Dih.        LJ (SR)  Disper. corr.
    1.67855e+04    8.88271e+03   -3.09329e+02   -2.05495e+05   -2.61758e+04
   Coulomb (SR) Position Rest.      Potential    Kinetic En.   Total Energy
   -3.52970e+04    7.59253e+03   -2.34016e+05    3.12717e+04   -2.02744e+05
  Conserved En.    Temperature Pres. DC (bar) Pressure (bar)
   -2.22622e+05    2.00368e+02   -5.61327e+02   -1.15383e+03

           Step           Time
          77000      770.00000

   Energies (kJ/mol)
           Bond       G96Angle       CBT Dih.        LJ (SR)  Disper. corr.
    1.65730e+04    8.92714e+03   -3.23923e+02   -2.05342e+05   -2.61758e+04
   Coulomb (SR) Position Rest.      Potential    Kinetic En.   Total Energy
   -3.52631e+04    7.55751e+03   -2.34047e+05    3.10994e+04   -2.02947e+05
  Conserved En.    Temperature Pres. DC (bar) Pressure (bar)
   -2.22963e+05    1.99265e+02   -5.61327e+02   -1.14782e+03

           Step           Time
          78000      780.00000

   Energies (kJ/mol)
           Bond       G96Angle       CBT Dih.        LJ (SR)  Disper. corr.
    1.65526e+04    8.96929e+03   -3.26561e+02   -2.05421e+05   -2.61758e+04
   Coulomb (SR) Position Rest.      Potential    Kinetic En.   Total Energy
   -3.52992e+04    7.53510e+03   -2.34166e+05    3.14482e+04   -2.02718e+05
  Conserved En.    Temperature Pres. DC (bar) Pressure (bar)
   -2.23321e+05    2.01500e+02   -5.61327e+02   -1.16169e+03

           Step           Time
          79000      790.00000

   Energies (kJ/mol)
           Bond       G96Angle       CBT Dih.        LJ (SR)  Disper. corr.
    1.68856e+04    8.91470e+03   -3.07768e+02   -2.05532e+05   -2.61758e+04
   Coulomb (SR) Position Rest.      Potential    Kinetic En.   Total Energy
   -3.53304e+04    7.66000e+03   -2.33886e+05    3.14839e+04   -2.02402e+05
  Conserved En.    Temperature Pres. DC (bar) Pressure (bar)
   -2.23685e+05    2.01728e+02   -5.61327e+02   -1.14940e+03

           Step           Time
          80000      800.00000

   Energies (kJ/mol)
           Bond       G96Angle       CBT Dih.        LJ (SR)  Disper. corr.
    1.70144e+04    8.94429e+03   -3.26788e+02   -2.05422e+05   -2.61758e+04
   Coulomb (SR) Position Rest.      Potential    Kinetic En.   Total Energy
   -3.53292e+04    7.67975e+03   -2.33615e+05    3.10279e+04   -2.02587e+05
  Conserved En.    Temperature Pres. DC (bar) Pressure (bar)
   -2.24040e+05    1.98806e+02   -5.61327e+02   -1.17484e+03

           Step           Time
          81000      810.00000

   Energies (kJ/mol)
           Bond       G96Angle       CBT Dih.        LJ (SR)  Disper. corr.
    1.67540e+04    8.74106e+03   -3.31528e+02   -2.05291e+05   -2.61758e+04
   Coulomb (SR) Position Rest.      Potential    Kinetic En.   Total Energy
   -3.53186e+04    7.84151e+03   -2.33780e+05    3.12025e+04   -2.02577e+05
  Conserved En.    Temperature Pres. DC (bar) Pressure (bar)
   -2.24390e+05    1.99925e+02   -5.61327e+02   -1.15685e+03

           Step           Time
          82000      820.00000

   Energies (kJ/mol)
           Bond       G96Angle       CBT Dih.        LJ (SR)  Disper. corr.
    1.69256e+04    8.71252e+03   -3.05247e+02   -2.05950e+05   -2.61758e+04
   Coulomb (SR) Position Rest.      Potential    Kinetic En.   Total Energy
   -3.53657e+04    7.82850e+03   -2.34330e+05    3.13820e+04   -2.02948e+05
  Conserved En.    Temperature Pres. DC (bar) Pressure (bar)
   -2.24752e+05    2.01075e+02   -5.61327e+02   -1.18724e+03

           Step           Time
          83000      830.00000

   Energies (kJ/mol)
           Bond       G96Angle       CBT Dih.        LJ (SR)  Disper. corr.
    1.70061e+04    8.65149e+03   -3.25874e+02   -2.05773e+05   -2.61758e+04
   Coulomb (SR) Position Rest.      Potential    Kinetic En.   Total Energy
   -3.53999e+04    7.71289e+03   -2.34304e+05    3.13989e+04   -2.02905e+05
  Conserved En.    Temperature Pres. DC (bar) Pressure (bar)
   -2.25113e+05    2.01184e+02   -5.61327e+02   -1.10669e+03

           Step           Time
          84000      840.00000

   Energies (kJ/mol)
           Bond       G96Angle       CBT Dih.        LJ (SR)  Disper. corr.
    1.67163e+04    8.76489e+03   -3.24627e+02   -2.05293e+05   -2.61758e+04
   Coulomb (SR) Position Rest.      Potential    Kinetic En.   Total Energy
   -3.53199e+04    7.79622e+03   -2.33836e+05    3.12374e+04   -2.02599e+05
  Conserved En.    Temperature Pres. DC (bar) Pressure (bar)
   -2.25477e+05    2.00149e+02   -5.61327e+02   -1.11765e+03

           Step           Time
          85000      850.00000

   Energies (kJ/mol)
           Bond       G96Angle       CBT Dih.        LJ (SR)  Disper. corr.
    1.67607e+04    8.72441e+03   -3.33384e+02   -2.05431e+05   -2.61758e+04
   Coulomb (SR) Position Rest.      Potential    Kinetic En.   Total Energy
   -3.54619e+04    7.76803e+03   -2.34149e+05    3.11785e+04   -2.02970e+05
  Conserved En.    Temperature Pres. DC (bar) Pressure (bar)
   -2.25843e+05    1.99771e+02   -5.61327e+02   -1.19451e+03

           Step           Time
          86000      860.00000

   Energies (kJ/mol)
           Bond       G96Angle       CBT Dih.        LJ (SR)  Disper. corr.
    1.65621e+04    8.82592e+03   -3.28929e+02   -2.05540e+05   -2.61758e+04
   Coulomb (SR) Position Rest.      Potential    Kinetic En.   Total Energy
   -3.53816e+04    7.55623e+03   -2.34482e+05    3.12112e+04   -2.03271e+05
  Conserved En.    Temperature Pres. DC (bar) Pressure (bar)
   -2.26211e+05    1.99981e+02   -5.61327e+02   -1.17348e+03

           Step           Time
          87000      870.00000

   Energies (kJ/mol)
           Bond       G96Angle       CBT Dih.        LJ (SR)  Disper. corr.
    1.65752e+04    8.80319e+03   -3.49498e+02   -2.05274e+05   -2.61758e+04
   Coulomb (SR) Position Rest.      Potential    Kinetic En.   Total Energy
   -3.54011e+04    7.66815e+03   -2.34154e+05    3.11815e+04   -2.02972e+05
  Conserved En.    Temperature Pres. DC (bar) Pressure (bar)
   -2.26559e+05    1.99791e+02   -5.61327e+02   -1.19045e+03

           Step           Time
          88000      880.00000

   Energies (kJ/mol)
           Bond       G96Angle       CBT Dih.        LJ (SR)  Disper. corr.
    1.68259e+04    8.90849e+03   -3.29623e+02   -2.05579e+05   -2.61758e+04
   Coulomb (SR) Position Rest.      Potential    Kinetic En.   Total Energy
   -3.53117e+04    7.61071e+03   -2.34051e+05    3.08364e+04   -2.03215e+05
  Conserved En.    Temperature Pres. DC (bar) Pressure (bar)
   -2.26922e+05    1.97580e+02   -5.61327e+02   -1.14908e+03

           Step           Time
          89000      890.00000

   Energies (kJ/mol)
           Bond       G96Angle       CBT Dih.        LJ (SR)  Disper. corr.
    1.64946e+04    8.77772e+03   -3.50759e+02   -2.05842e+05   -2.61758e+04
   Coulomb (SR) Position Rest.      Potential    Kinetic En.   Total Energy
   -3.53908e+04    7.82886e+03   -2.34658e+05    3.11956e+04   -2.03462e+05
  Conserved En.    Temperature Pres. DC (bar) Pressure (bar)
   -2.27283e+05    1.99881e+02   -5.61327e+02   -1.18345e+03

           Step           Time
          90000      900.00000

   Energies (kJ/mol)
           Bond       G96Angle       CBT Dih.        LJ (SR)  Disper. corr.
    1.63809e+04    8.86787e+03   -3.35091e+02   -2.05858e+05   -2.61758e+04
   Coulomb (SR) Position Rest.      Potential    Kinetic En.   Total Energy
   -3.52563e+04    7.71128e+03   -2.34666e+05    3.13634e+04   -2.03302e+05
  Conserved En.    Temperature Pres. DC (bar) Pressure (bar)
   -2.27647e+05    2.00956e+02   -5.61327e+02   -1.19801e+03

           Step           Time
          91000      910.00000

   Energies (kJ/mol)
           Bond       G96Angle       CBT Dih.        LJ (SR)  Disper. corr.
    1.68696e+04    8.91642e+03   -3.47236e+02   -2.05605e+05   -2.61758e+04
   Coulomb (SR) Position Rest.      Potential    Kinetic En.   Total Energy
   -3.53294e+04    7.59204e+03   -2.34080e+05    3.10949e+04   -2.02985e+05
  Conserved En.    Temperature Pres. DC (bar) Pressure (bar)
   -2.27999e+05    1.99236e+02   -5.61327e+02   -1.15844e+03

           Step           Time
          92000      920.00000

   Energies (kJ/mol)
           Bond       G96Angle       CBT Dih.        LJ (SR)  Disper. corr.
    1.67259e+04    8.80701e+03   -3.36643e+02   -2.04911e+05   -2.61758e+04
   Coulomb (SR) Position Rest.      Potential    Kinetic En.   Total Energy
   -3.52078e+04    7.60239e+03   -2.33496e+05    3.13010e+04   -2.02195e+05
  Conserved En.    Temperature Pres. DC (bar) Pressure (bar)
   -2.28360e+05    2.00556e+02   -5.61327e+02   -1.17871e+03

           Step           Time
          93000      930.00000

   Energies (kJ/mol)
           Bond       G96Angle       CBT Dih.        LJ (SR)  Disper. corr.
    1.60625e+04    8.75710e+03   -3.36103e+02   -2.05611e+05   -2.61758e+04
   Coulomb (SR) Position Rest.      Potential    Kinetic En.   Total Energy
   -3.53335e+04    7.77320e+03   -2.34864e+05    3.11724e+04   -2.03692e+05
  Conserved En.    Temperature Pres. DC (bar) Pressure (bar)
   -2.28735e+05    1.99732e+02   -5.61327e+02   -1.12965e+03

           Step           Time
          94000      940.00000

   Energies (kJ/mol)
           Bond       G96Angle       CBT Dih.        LJ (SR)  Disper. corr.
    1.65575e+04    8.76011e+03   -3.29958e+02   -2.05565e+05   -2.61758e+04
   Coulomb (SR) Position Rest.      Potential    Kinetic En.   Total Energy
   -3.52580e+04    7.73961e+03   -2.34271e+05    3.13107e+04   -2.02961e+05
  Conserved En.    Temperature Pres. DC (bar) Pressure (bar)
   -2.29084e+05    2.00619e+02   -5.61327e+02   -1.17048e+03

           Step           Time
          95000      950.00000

   Energies (kJ/mol)
           Bond       G96Angle       CBT Dih.        LJ (SR)  Disper. corr.
    1.66613e+04    8.65891e+03   -3.27924e+02   -2.05380e+05   -2.61758e+04
   Coulomb (SR) Position Rest.      Potential    Kinetic En.   Total Energy
   -3.54981e+04    7.96241e+03   -2.34100e+05    3.13786e+04   -2.02721e+05
  Conserved En.    Temperature Pres. DC (bar) Pressure (bar)
   -2.29439e+05    2.01054e+02   -5.61327e+02   -1.15606e+03

           Step           Time
          96000      960.00000

   Energies (kJ/mol)
           Bond       G96Angle       CBT Dih.        LJ (SR)  Disper. corr.
    1.65412e+04    8.71119e+03   -3.34720e+02   -2.05881e+05   -2.61758e+04
   Coulomb (SR) Position Rest.      Potential    Kinetic En.   Total Energy
   -3.52964e+04    7.73145e+03   -2.34704e+05    3.12799e+04   -2.03424e+05
  Conserved En.    Temperature Pres. DC (bar) Pressure (bar)
   -2.29812e+05    2.00421e+02   -5.61327e+02   -1.21140e+03

           Step           Time
          97000      970.00000

   Energies (kJ/mol)
           Bond       G96Angle       CBT Dih.        LJ (SR)  Disper. corr.
    1.66358e+04    8.77475e+03   -3.25493e+02   -2.05536e+05   -2.61758e+04
   Coulomb (SR) Position Rest.      Potential    Kinetic En.   Total Energy
   -3.53661e+04    7.87008e+03   -2.34123e+05    3.13468e+04   -2.02776e+05
  Conserved En.    Temperature Pres. DC (bar) Pressure (bar)
   -2.30154e+05    2.00850e+02   -5.61327e+02   -1.08453e+03

           Step           Time
          98000      980.00000

   Energies (kJ/mol)
           Bond       G96Angle       CBT Dih.        LJ (SR)  Disper. corr.
    1.66406e+04    8.82766e+03   -3.44224e+02   -2.05699e+05   -2.61758e+04
   Coulomb (SR) Position Rest.      Potential    Kinetic En.   Total Energy
   -3.53222e+04    7.59445e+03   -2.34479e+05    3.12778e+04   -2.03201e+05
  Conserved En.    Temperature Pres. DC (bar) Pressure (bar)
   -2.30512e+05    2.00408e+02   -5.61327e+02   -1.14929e+03

           Step           Time
          99000      990.00000

   Energies (kJ/mol)
           Bond       G96Angle       CBT Dih.        LJ (SR)  Disper. corr.
    1.68360e+04    8.81572e+03   -3.27639e+02   -2.05886e+05   -2.61758e+04
   Coulomb (SR) Position Rest.      Potential    Kinetic En.   Total Energy
   -3.53767e+04    7.69938e+03   -2.34416e+05    3.09376e+04   -2.03478e+05
  Conserved En.    Temperature Pres. DC (bar) Pressure (bar)
   -2.30871e+05    1.98228e+02   -5.61327e+02   -1.16233e+03

           Step           Time
         100000     1000.00000

Writing checkpoint, step 100000 at Tue Nov  9 17:56:06 2021


   Energies (kJ/mol)
           Bond       G96Angle       CBT Dih.        LJ (SR)  Disper. corr.
    1.69592e+04    8.94075e+03   -3.40543e+02   -2.05830e+05   -2.61758e+04
   Coulomb (SR) Position Rest.      Potential    Kinetic En.   Total Energy
   -3.53680e+04    7.52421e+03   -2.34291e+05    3.14137e+04   -2.02877e+05
  Conserved En.    Temperature Pres. DC (bar) Pressure (bar)
   -2.31232e+05    2.01279e+02   -5.61327e+02   -1.10910e+03

	<======  ###############  ==>
	<====  A V E R A G E S  ====>
	<==  ###############  ======>

	Statistics over 100001 steps using 1001 frames

   Energies (kJ/mol)
           Bond       G96Angle       CBT Dih.        LJ (SR)  Disper. corr.
    1.68273e+04    8.87284e+03   -3.21621e+02   -2.04672e+05   -2.61758e+04
   Coulomb (SR) Position Rest.      Potential    Kinetic En.   Total Energy
   -3.51564e+04    7.49836e+03   -2.33127e+05    3.12118e+04   -2.01915e+05
  Conserved En.    Temperature Pres. DC (bar) Pressure (bar)
   -2.13324e+05    1.99985e+02   -5.61327e+02   -1.11898e+03

   Total Virial (kJ/mol)
    3.67836e+04    2.61064e+03    8.38312e+02
    2.61064e+03    3.74402e+04    1.50500e+03
    8.38312e+02    1.50500e+03    3.56977e+04

   Pressure (bar)
   -1.12528e+03   -1.11452e+02   -3.56724e+01
   -1.11452e+02   -1.15283e+03   -6.41920e+01
   -3.56724e+01   -6.41920e+01   -1.07883e+03


	M E G A - F L O P S   A C C O U N T I N G

 NB=Group-cutoff nonbonded kernels    NxN=N-by-N cluster Verlet kernels
 RF=Reaction-Field  VdW=Van der Waals  QSTab=quadratic-spline table
 W3=SPC/TIP3p  W4=TIP4p (single or pairs)
 V&F=Potential and force  V=Potential only  F=Force only

 Computing:                               M-Number         M-Flops  % Flops
-----------------------------------------------------------------------------
 Pair Search distance check            5179.046068       46611.415     0.5
 NxN RF Elec. + LJ [F]               133598.291136     5076735.063    57.5
 NxN RF Elec. + LJ [V&F]               1350.919712       72949.664     0.8
 NxN LJ [F]                          101087.590720     3335890.494    37.8
 NxN LJ [V&F]                          1022.177440       43953.630     0.5
 NxN RF Electrostatics [F]              668.467744       20722.500     0.2
 NxN RF Electrostatics [V&F]              6.742720         242.738     0.0
 Shift-X                                 25.042515         150.255     0.0
 Bonds                                 1085.010850       64015.640     0.7
 Angles                                 824.508245      138517.385     1.6
 RB-Dihedrals                            47.000470       11609.116     0.1
 Pos. Restr.                            188.001880        9400.094     0.1
 Virial                                  12.572560         226.306     0.0
 Stop-CM                                 12.540030         125.400     0.0
 Calc-Ekin                              250.325030        6758.776     0.1
-----------------------------------------------------------------------------
 Total                                                 8827908.477   100.0
-----------------------------------------------------------------------------


     R E A L   C Y C L E   A N D   T I M E   A C C O U N T I N G

On 1 MPI rank, each using 16 OpenMP threads

 Computing:          Num   Num      Call    Wall time         Giga-Cycles
                     Ranks Threads  Count      (s)         total sum    %
-----------------------------------------------------------------------------
 Neighbor search        1   16       2001       3.536        118.543   3.8
 Force                  1   16     100001      80.001       2681.726  86.4
 NB X/F buffer ops.     1   16     198001       5.701        191.089   6.2
 Write traj.            1   16         41       0.459         15.381   0.5
 Update                 1   16     100001       1.934         64.830   2.1
 Rest                                           0.926         31.051   1.0
-----------------------------------------------------------------------------
 Total                                         92.557       3102.620 100.0
-----------------------------------------------------------------------------

               Core t (s)   Wall t (s)        (%)
       Time:     1480.909       92.557     1600.0
                 (ns/day)    (hour/ns)
Performance:      933.489        0.026
Finished mdrun on rank 0 Tue Nov  9 17:56:06 2021

