                      :-) GROMACS - gmx mdrun, 2019.6 (-:

                            GROMACS is written by:
     Emile Apol      Rossen Apostolov      Paul Bauer     Herman J.C. Berendsen
    Par Bjelkmar      Christian Blau   Viacheslav Bolnykh     Kevin Boyd    
 Aldert van Buuren   Rudi van Drunen     Anton Feenstra       Alan Gray     
  Gerrit Groenhof     Anca Hamuraru    Vincent Hindriksen  M. Eric Irrgang  
  Aleksei Iupinov   Christoph Junghans     Joe Jordan     Dimitrios Karkoulis
    Peter Kasson        Jiri Kraus      Carsten Kutzner      Per Larsson    
  Justin A. Lemkul    Viveca Lindahl    Magnus Lundborg     Erik Marklund   
    Pascal Merz     Pieter Meulenhoff    Teemu Murtola       Szilard Pall   
    Sander Pronk      Roland Schulz      Michael Shirts    Alexey Shvetsov  
   Alfons Sijbers     Peter Tieleman      Jon Vincent      Teemu Virolainen 
 Christian Wennberg    Maarten Wolf   
                           and the project leaders:
        Mark Abraham, Berk Hess, Erik Lindahl, and David van der Spoel

Copyright (c) 1991-2000, University of Groningen, The Netherlands.
Copyright (c) 2001-2018, The GROMACS development team at
Uppsala University, Stockholm University and
the Royal Institute of Technology, Sweden.
check out http://www.gromacs.org for more information.

GROMACS is free software; you can redistribute it and/or modify it
under the terms of the GNU Lesser General Public License
as published by the Free Software Foundation; either version 2.1
of the License, or (at your option) any later version.

GROMACS:      gmx mdrun, version 2019.6
Executable:   /usr/local/gromacs/2019.6/bin/gmx
Data prefix:  /usr/local/gromacs/2019.6
Working dir:  /media/subin/DATA/CG/V18/gyroid/L9.2/mon80_gly20/new/2_solvate
Process ID:   1141252
Command line:
  gmx mdrun -deffnm solvated_nvt_1195 -v

GROMACS version:    2019.6
Precision:          single
Memory model:       64 bit
MPI library:        thread_mpi
OpenMP support:     enabled (GMX_OPENMP_MAX_THREADS = 64)
GPU support:        disabled
SIMD instructions:  AVX2_256
FFT library:        fftw-3.3.8-sse2-avx-avx2-avx2_128-avx512
RDTSCP usage:       enabled
TNG support:        enabled
Hwloc support:      disabled
Tracing support:    disabled
C compiler:         /bin/cc GNU 9.3.0
C compiler flags:    -mavx2 -mfma     -O3 -DNDEBUG -funroll-all-loops -fexcess-precision=fast  
C++ compiler:       /bin/c++ GNU 9.3.0
C++ compiler flags:  -mavx2 -mfma    -std=c++11   -O3 -DNDEBUG -funroll-all-loops -fexcess-precision=fast  


Running on 1 node with total 8 cores, 16 logical cores
Hardware detected:
  CPU info:
    Vendor: Intel
    Brand:  Intel(R) Xeon(R) Silver 4208 CPU @ 2.10GHz
    Family: 6   Model: 85   Stepping: 7
    Features: aes apic avx avx2 avx512f avx512cd avx512bw avx512vl clfsh cmov cx8 cx16 f16c fma htt intel lahf mmx msr nonstop_tsc pcid pclmuldq pdcm pdpe1gb popcnt pse rdrnd rdtscp sse2 sse3 sse4.1 sse4.2 ssse3 tdt x2apic
    Number of AVX-512 FMA units: 1 (AVX2 is faster w/o 2 AVX-512 FMA units)
  Hardware topology: Basic
    Sockets, cores, and logical processors:
      Socket  0: [   0   8] [   1   9] [   2  10] [   3  11] [   4  12] [   5  13] [   6  14] [   7  15]


++++ PLEASE READ AND CITE THE FOLLOWING REFERENCE ++++
M. J. Abraham, T. Murtola, R. Schulz, S. Páll, J. C. Smith, B. Hess, E.
Lindahl
GROMACS: High performance molecular simulations through multi-level
parallelism from laptops to supercomputers
SoftwareX 1 (2015) pp. 19-25
-------- -------- --- Thank You --- -------- --------


++++ PLEASE READ AND CITE THE FOLLOWING REFERENCE ++++
S. Páll, M. J. Abraham, C. Kutzner, B. Hess, E. Lindahl
Tackling Exascale Software Challenges in Molecular Dynamics Simulations with
GROMACS
In S. Markidis & E. Laure (Eds.), Solving Software Challenges for Exascale 8759 (2015) pp. 3-27
-------- -------- --- Thank You --- -------- --------


++++ PLEASE READ AND CITE THE FOLLOWING REFERENCE ++++
S. Pronk, S. Páll, R. Schulz, P. Larsson, P. Bjelkmar, R. Apostolov, M. R.
Shirts, J. C. Smith, P. M. Kasson, D. van der Spoel, B. Hess, and E. Lindahl
GROMACS 4.5: a high-throughput and highly parallel open source molecular
simulation toolkit
Bioinformatics 29 (2013) pp. 845-54
-------- -------- --- Thank You --- -------- --------


++++ PLEASE READ AND CITE THE FOLLOWING REFERENCE ++++
B. Hess and C. Kutzner and D. van der Spoel and E. Lindahl
GROMACS 4: Algorithms for highly efficient, load-balanced, and scalable
molecular simulation
J. Chem. Theory Comput. 4 (2008) pp. 435-447
-------- -------- --- Thank You --- -------- --------


++++ PLEASE READ AND CITE THE FOLLOWING REFERENCE ++++
D. van der Spoel, E. Lindahl, B. Hess, G. Groenhof, A. E. Mark and H. J. C.
Berendsen
GROMACS: Fast, Flexible and Free
J. Comp. Chem. 26 (2005) pp. 1701-1719
-------- -------- --- Thank You --- -------- --------


++++ PLEASE READ AND CITE THE FOLLOWING REFERENCE ++++
E. Lindahl and B. Hess and D. van der Spoel
GROMACS 3.0: A package for molecular simulation and trajectory analysis
J. Mol. Mod. 7 (2001) pp. 306-317
-------- -------- --- Thank You --- -------- --------


++++ PLEASE READ AND CITE THE FOLLOWING REFERENCE ++++
H. J. C. Berendsen, D. van der Spoel and R. van Drunen
GROMACS: A message-passing parallel molecular dynamics implementation
Comp. Phys. Comm. 91 (1995) pp. 43-56
-------- -------- --- Thank You --- -------- --------


++++ PLEASE CITE THE DOI FOR THIS VERSION OF GROMACS ++++
https://doi.org/10.5281/zenodo.3685922
-------- -------- --- Thank You --- -------- --------

Input Parameters:
   integrator                     = md
   tinit                          = 0
   dt                             = 0.01
   nsteps                         = 5000
   init-step                      = 0
   simulation-part                = 1
   comm-mode                      = Linear
   nstcomm                        = 100
   bd-fric                        = 0
   ld-seed                        = 692772014
   emtol                          = 10
   emstep                         = 0.01
   niter                          = 20
   fcstep                         = 0
   nstcgsteep                     = 1000
   nbfgscorr                      = 10
   rtpi                           = 0.05
   nstxout                        = 2500
   nstvout                        = 2500
   nstfout                        = 2500
   nstlog                         = 1000
   nstcalcenergy                  = 100
   nstenergy                      = 2500
   nstxout-compressed             = 0
   compressed-x-precision         = 1000
   cutoff-scheme                  = Verlet
   nstlist                        = 40
   ns-type                        = Grid
   pbc                            = xyz
   periodic-molecules             = false
   verlet-buffer-tolerance        = 0.005
   rlist                          = 1.168
   coulombtype                    = Reaction-Field
   coulomb-modifier               = Potential-shift
   rcoulomb-switch                = 0
   rcoulomb                       = 1.1
   epsilon-r                      = 10
   epsilon-rf                     = inf
   vdw-type                       = Cut-off
   vdw-modifier                   = Potential-shift
   rvdw-switch                    = 0
   rvdw                           = 1.1
   DispCorr                       = EnerPres
   table-extension                = 1
   fourierspacing                 = 0.12
   fourier-nx                     = 0
   fourier-ny                     = 0
   fourier-nz                     = 0
   pme-order                      = 4
   ewald-rtol                     = 1e-05
   ewald-rtol-lj                  = 0.001
   lj-pme-comb-rule               = Geometric
   ewald-geometry                 = 0
   epsilon-surface                = 0
   tcoupl                         = V-rescale
   nsttcouple                     = 40
   nh-chain-length                = 0
   print-nose-hoover-chain-variables = false
   pcoupl                         = No
   pcoupltype                     = Isotropic
   nstpcouple                     = -1
   tau-p                          = 1
   compressibility (3x3):
      compressibility[    0]={ 0.00000e+00,  0.00000e+00,  0.00000e+00}
      compressibility[    1]={ 0.00000e+00,  0.00000e+00,  0.00000e+00}
      compressibility[    2]={ 0.00000e+00,  0.00000e+00,  0.00000e+00}
   ref-p (3x3):
      ref-p[    0]={ 0.00000e+00,  0.00000e+00,  0.00000e+00}
      ref-p[    1]={ 0.00000e+00,  0.00000e+00,  0.00000e+00}
      ref-p[    2]={ 0.00000e+00,  0.00000e+00,  0.00000e+00}
   refcoord-scaling               = All
   posres-com (3):
      posres-com[0]= 0.00000e+00
      posres-com[1]= 0.00000e+00
      posres-com[2]= 0.00000e+00
   posres-comB (3):
      posres-comB[0]= 0.00000e+00
      posres-comB[1]= 0.00000e+00
      posres-comB[2]= 0.00000e+00
   QMMM                           = false
   QMconstraints                  = 0
   QMMMscheme                     = 0
   MMChargeScaleFactor            = 1
qm-opts:
   ngQM                           = 0
   constraint-algorithm           = Lincs
   continuation                   = false
   Shake-SOR                      = false
   shake-tol                      = 0.0001
   lincs-order                    = 4
   lincs-iter                     = 1
   lincs-warnangle                = 30
   nwall                          = 0
   wall-type                      = 9-3
   wall-r-linpot                  = -1
   wall-atomtype[0]               = -1
   wall-atomtype[1]               = -1
   wall-density[0]                = 0
   wall-density[1]                = 0
   wall-ewald-zfac                = 3
   pull                           = false
   awh                            = false
   rotation                       = false
   interactiveMD                  = false
   disre                          = No
   disre-weighting                = Conservative
   disre-mixed                    = false
   dr-fc                          = 1000
   dr-tau                         = 0
   nstdisreout                    = 100
   orire-fc                       = 0
   orire-tau                      = 0
   nstorireout                    = 100
   free-energy                    = no
   cos-acceleration               = 0
   deform (3x3):
      deform[    0]={ 0.00000e+00,  0.00000e+00,  0.00000e+00}
      deform[    1]={ 0.00000e+00,  0.00000e+00,  0.00000e+00}
      deform[    2]={ 0.00000e+00,  0.00000e+00,  0.00000e+00}
   simulated-tempering            = false
   swapcoords                     = no
   userint1                       = 0
   userint2                       = 0
   userint3                       = 0
   userint4                       = 0
   userreal1                      = 0
   userreal2                      = 0
   userreal3                      = 0
   userreal4                      = 0
   applied-forces:
     electric-field:
       x:
         E0                       = 0
         omega                    = 0
         t0                       = 0
         sigma                    = 0
       y:
         E0                       = 0
         omega                    = 0
         t0                       = 0
         sigma                    = 0
       z:
         E0                       = 0
         omega                    = 0
         t0                       = 0
         sigma                    = 0
grpopts:
   nrdf:       37542
   ref-t:         200
   tau-t:         0.1
annealing:          No
annealing-npoints:           0
   acc:	           0           0           0
   nfreeze:           N           N           N
   energygrp-flags[  0]: 0

Changing nstlist from 40 to 50, rlist from 1.168 to 1.207

Using 1 MPI thread
Using 16 OpenMP threads 

Pinning threads with an auto-selected logical core stride of 1
System total charge: 0.000
Reaction-Field:
epsRF = 0, rc = 1.1, krf = 0.375657, crf = 1.36364, epsfac = 13.8935
The electrostatics potential has its minimum at r = 1.1
Potential shift: LJ r^-12: -3.186e-01 r^-6: -5.645e-01
Long Range LJ corr.: <C6> 4.1584e-02
Generated table with 1103 data points for RF-zero.
Tabscale = 500 points/nm
Generated table with 1103 data points for LJ6.
Tabscale = 500 points/nm
Generated table with 1103 data points for LJ12.
Tabscale = 500 points/nm

Using SIMD 4x8 nonbonded short-range kernels

Using a dual 4x8 pair-list setup updated with dynamic pruning:
  outer list: updated every 50 steps, buffer 0.107 nm, rlist 1.207 nm
  inner list: updated every 17 steps, buffer 0.001 nm, rlist 1.101 nm
At tolerance 0.005 kJ/mol/ps per atom, equivalent classical 1x1 list would be:
  outer list: updated every 50 steps, buffer 0.232 nm, rlist 1.332 nm
  inner list: updated every 17 steps, buffer 0.047 nm, rlist 1.147 nm

Using full Lennard-Jones parameter combination matrix

Removing pbc first time
Center of mass motion removal mode is Linear
We have the following groups for center of mass motion removal:
  0:  rest

++++ PLEASE READ AND CITE THE FOLLOWING REFERENCE ++++
G. Bussi, D. Donadio and M. Parrinello
Canonical sampling through velocity rescaling
J. Chem. Phys. 126 (2007) pp. 014101
-------- -------- --- Thank You --- -------- --------

There are: 12515 Atoms
Initial temperature: 200.016 K

Started mdrun on rank 0 Tue Nov  9 17:54:29 2021

           Step           Time
              0        0.00000

   Energies (kJ/mol)
           Bond       G96Angle       CBT Dih.        LJ (SR)  Disper. corr.
    3.16020e+04    1.14961e+04   -4.42091e+02   -2.05489e+05   -2.61758e+04
   Coulomb (SR) Position Rest.      Potential    Kinetic En.   Total Energy
   -3.20723e+04    6.71206e-08   -2.21082e+05    3.12495e+04   -1.89832e+05
  Conserved En.    Temperature Pres. DC (bar) Pressure (bar)
   -1.89832e+05    2.00226e+02   -5.61327e+02   -5.35032e+02

           Step           Time
           1000       10.00000

   Energies (kJ/mol)
           Bond       G96Angle       CBT Dih.        LJ (SR)  Disper. corr.
    2.38813e+04    1.03319e+04   -3.68465e+02   -1.95645e+05   -2.61758e+04
   Coulomb (SR) Position Rest.      Potential    Kinetic En.   Total Energy
   -3.30708e+04    1.27930e+04   -2.08254e+05    3.11448e+04   -1.77109e+05
  Conserved En.    Temperature Pres. DC (bar) Pressure (bar)
   -1.89947e+05    1.99556e+02   -5.61327e+02   -6.52205e+02

           Step           Time
           2000       20.00000

   Energies (kJ/mol)
           Bond       G96Angle       CBT Dih.        LJ (SR)  Disper. corr.
    2.35720e+04    1.01017e+04   -3.85376e+02   -1.97011e+05   -2.61758e+04
   Coulomb (SR) Position Rest.      Potential    Kinetic En.   Total Energy
   -3.34223e+04    1.31199e+04   -2.10201e+05    3.13402e+04   -1.78861e+05
  Conserved En.    Temperature Pres. DC (bar) Pressure (bar)
   -1.90289e+05    2.00807e+02   -5.61327e+02   -7.43164e+02

           Step           Time
           3000       30.00000

   Energies (kJ/mol)
           Bond       G96Angle       CBT Dih.        LJ (SR)  Disper. corr.
    2.28864e+04    1.01911e+04   -3.78164e+02   -1.98052e+05   -2.61758e+04
   Coulomb (SR) Position Rest.      Potential    Kinetic En.   Total Energy
   -3.36923e+04    1.37972e+04   -2.11424e+05    3.10722e+04   -1.80352e+05
  Conserved En.    Temperature Pres. DC (bar) Pressure (bar)
   -1.90637e+05    1.99090e+02   -5.61327e+02   -8.39884e+02

           Step           Time
           4000       40.00000

   Energies (kJ/mol)
           Bond       G96Angle       CBT Dih.        LJ (SR)  Disper. corr.
    2.27399e+04    9.96818e+03   -3.80466e+02   -1.98941e+05   -2.61758e+04
   Coulomb (SR) Position Rest.      Potential    Kinetic En.   Total Energy
   -3.37147e+04    1.36279e+04   -2.12876e+05    3.11043e+04   -1.81772e+05
  Conserved En.    Temperature Pres. DC (bar) Pressure (bar)
   -1.90989e+05    1.99296e+02   -5.61327e+02   -8.54219e+02

           Step           Time
           5000       50.00000

Writing checkpoint, step 5000 at Tue Nov  9 17:54:33 2021


   Energies (kJ/mol)
           Bond       G96Angle       CBT Dih.        LJ (SR)  Disper. corr.
    2.22736e+04    9.95601e+03   -3.58977e+02   -1.98896e+05   -2.61758e+04
   Coulomb (SR) Position Rest.      Potential    Kinetic En.   Total Energy
   -3.38688e+04    1.38552e+04   -2.13215e+05    3.11544e+04   -1.82061e+05
  Conserved En.    Temperature Pres. DC (bar) Pressure (bar)
   -1.91350e+05    1.99617e+02   -5.61327e+02   -8.37362e+02

	<======  ###############  ==>
	<====  A V E R A G E S  ====>
	<==  ###############  ======>

	Statistics over 5001 steps using 51 frames

   Energies (kJ/mol)
           Bond       G96Angle       CBT Dih.        LJ (SR)  Disper. corr.
    2.32311e+04    1.02402e+04   -3.77604e+02   -1.97227e+05   -2.61758e+04
   Coulomb (SR) Position Rest.      Potential    Kinetic En.   Total Energy
   -3.34288e+04    1.30766e+04   -2.10661e+05    3.11625e+04   -1.79499e+05
  Conserved En.    Temperature Pres. DC (bar) Pressure (bar)
   -1.90475e+05    1.99669e+02   -5.61327e+02   -7.16683e+02

   Total Virial (kJ/mol)
    2.76742e+04    3.92003e+03    1.92525e+03
    3.92003e+03    2.81857e+04    1.96932e+03
    1.92525e+03    1.96933e+03    2.57144e+04

   Pressure (bar)
   -7.37665e+02   -1.65645e+02   -8.17375e+01
   -1.65645e+02   -7.58687e+02   -8.45663e+01
   -8.17375e+01   -8.45664e+01   -6.53697e+02


	M E G A - F L O P S   A C C O U N T I N G

 NB=Group-cutoff nonbonded kernels    NxN=N-by-N cluster Verlet kernels
 RF=Reaction-Field  VdW=Van der Waals  QSTab=quadratic-spline table
 W3=SPC/TIP3p  W4=TIP4p (single or pairs)
 V&F=Potential and force  V=Potential only  F=Force only

 Computing:                               M-Number         M-Flops  % Flops
-----------------------------------------------------------------------------
 Pair Search distance check             261.222642        2351.004     0.5
 NxN RF Elec. + LJ [F]                 6595.031648      250611.203    57.1
 NxN RF Elec. + LJ [V&F]                 67.853136        3664.069     0.8
 NxN LJ [F]                            5063.340352      167090.232    38.1
 NxN LJ [V&F]                            52.257440        2247.070     0.5
 NxN RF Electrostatics [F]               34.710336        1076.020     0.2
 NxN RF Electrostatics [V&F]              0.353616          12.730     0.0
 Shift-X                                  1.264015           7.584     0.0
 Bonds                                   54.260850        3201.390     0.7
 Angles                                  41.233245        6927.185     1.6
 RB-Dihedrals                             2.350470         580.566     0.1
 Pos. Restr.                              9.401880         470.094     0.1
 Virial                                   0.640560          11.530     0.0
 Stop-CM                                  0.650780           6.508     0.0
 Calc-Ekin                               12.540030         338.581     0.1
-----------------------------------------------------------------------------
 Total                                                  438595.766   100.0
-----------------------------------------------------------------------------


     R E A L   C Y C L E   A N D   T I M E   A C C O U N T I N G

On 1 MPI rank, each using 16 OpenMP threads

 Computing:          Num   Num      Call    Wall time         Giga-Cycles
                     Ranks Threads  Count      (s)         total sum    %
-----------------------------------------------------------------------------
 Neighbor search        1   16        101       0.182          6.114   3.9
 Force                  1   16       5001       3.907        130.959  83.5
 NB X/F buffer ops.     1   16       9901       0.249          8.336   5.3
 Write traj.            1   16          3       0.216          7.236   4.6
 Update                 1   16       5001       0.085          2.854   1.8
 Rest                                           0.042          1.396   0.9
-----------------------------------------------------------------------------
 Total                                          4.680        156.894 100.0
-----------------------------------------------------------------------------

               Core t (s)   Wall t (s)        (%)
       Time:       74.886        4.680     1600.0
                 (ns/day)    (hour/ns)
Performance:      923.172        0.026
Finished mdrun on rank 0 Tue Nov  9 17:54:34 2021

