                      :-) GROMACS - gmx mdrun, 2020.5 (-:

                            GROMACS is written by:
     Emile Apol      Rossen Apostolov      Paul Bauer     Herman J.C. Berendsen
    Par Bjelkmar      Christian Blau   Viacheslav Bolnykh     Kevin Boyd    
 Aldert van Buuren   Rudi van Drunen     Anton Feenstra       Alan Gray     
  Gerrit Groenhof     Anca Hamuraru    Vincent Hindriksen  M. Eric Irrgang  
  Aleksei Iupinov   Christoph Junghans     Joe Jordan     Dimitrios Karkoulis
    Peter Kasson        Jiri Kraus      Carsten Kutzner      Per Larsson    
  Justin A. Lemkul    Viveca Lindahl    Magnus Lundborg     Erik Marklund   
    Pascal Merz     Pieter Meulenhoff    Teemu Murtola       Szilard Pall   
    Sander Pronk      Roland Schulz      Michael Shirts    Alexey Shvetsov  
   Alfons Sijbers     Peter Tieleman      Jon Vincent      Teemu Virolainen 
 Christian Wennberg    Maarten Wolf      Artem Zhmurov   
                           and the project leaders:
        Mark Abraham, Berk Hess, Erik Lindahl, and David van der Spoel

Copyright (c) 1991-2000, University of Groningen, The Netherlands.
Copyright (c) 2001-2019, The GROMACS development team at
Uppsala University, Stockholm University and
the Royal Institute of Technology, Sweden.
check out http://www.gromacs.org for more information.

GROMACS is free software; you can redistribute it and/or modify it
under the terms of the GNU Lesser General Public License
as published by the Free Software Foundation; either version 2.1
of the License, or (at your option) any later version.

GROMACS:      gmx mdrun, version 2020.5
Executable:   /usr/local/gromacs/2020.5/bin/gmx
Data prefix:  /usr/local/gromacs/2020.5
Working dir:  /media/subin/DATA/CG/V18/gyroid/L9.2/mon80_gly20/new/1_minimize
Process ID:   1138715
Command line:
  gmx mdrun -deffnm min0

GROMACS version:    2020.5
Verified release checksum is 4d9aa1b4e69850bc4583c1983ce2e0e3a88250cafb8f30ab0290b4dd4413a41e
Precision:          single
Memory model:       64 bit
MPI library:        thread_mpi
OpenMP support:     enabled (GMX_OPENMP_MAX_THREADS = 64)
GPU support:        disabled
SIMD instructions:  AVX2_256
FFT library:        fftw-3.3.8-sse2-avx-avx2-avx2_128
RDTSCP usage:       enabled
TNG support:        enabled
Hwloc support:      disabled
Tracing support:    disabled
C compiler:         /usr/bin/cc GNU 9.3.0
C compiler flags:   -mavx2 -mfma -fexcess-precision=fast -funroll-all-loops -O3 -DNDEBUG
C++ compiler:       /usr/bin/c++ GNU 9.3.0
C++ compiler flags: -mavx2 -mfma -fexcess-precision=fast -funroll-all-loops -fopenmp -O3 -DNDEBUG


Running on 1 node with total 8 cores, 16 logical cores
Hardware detected:
  CPU info:
    Vendor: Intel
    Brand:  Intel(R) Xeon(R) Silver 4208 CPU @ 2.10GHz
    Family: 6   Model: 85   Stepping: 7
    Features: aes apic avx avx2 avx512f avx512cd avx512bw avx512vl clfsh cmov cx8 cx16 f16c fma htt intel lahf mmx msr nonstop_tsc pcid pclmuldq pdcm pdpe1gb popcnt pse rdrnd rdtscp sse2 sse3 sse4.1 sse4.2 ssse3 tdt x2apic
    Number of AVX-512 FMA units: 1 (AVX2 is faster w/o 2 AVX-512 FMA units)
  Hardware topology: Basic
    Sockets, cores, and logical processors:
      Socket  0: [   0   8] [   1   9] [   2  10] [   3  11] [   4  12] [   5  13] [   6  14] [   7  15]


++++ PLEASE READ AND CITE THE FOLLOWING REFERENCE ++++
M. J. Abraham, T. Murtola, R. Schulz, S. Páll, J. C. Smith, B. Hess, E.
Lindahl
GROMACS: High performance molecular simulations through multi-level
parallelism from laptops to supercomputers
SoftwareX 1 (2015) pp. 19-25
-------- -------- --- Thank You --- -------- --------


++++ PLEASE READ AND CITE THE FOLLOWING REFERENCE ++++
S. Páll, M. J. Abraham, C. Kutzner, B. Hess, E. Lindahl
Tackling Exascale Software Challenges in Molecular Dynamics Simulations with
GROMACS
In S. Markidis & E. Laure (Eds.), Solving Software Challenges for Exascale 8759 (2015) pp. 3-27
-------- -------- --- Thank You --- -------- --------


++++ PLEASE READ AND CITE THE FOLLOWING REFERENCE ++++
S. Pronk, S. Páll, R. Schulz, P. Larsson, P. Bjelkmar, R. Apostolov, M. R.
Shirts, J. C. Smith, P. M. Kasson, D. van der Spoel, B. Hess, and E. Lindahl
GROMACS 4.5: a high-throughput and highly parallel open source molecular
simulation toolkit
Bioinformatics 29 (2013) pp. 845-54
-------- -------- --- Thank You --- -------- --------


++++ PLEASE READ AND CITE THE FOLLOWING REFERENCE ++++
B. Hess and C. Kutzner and D. van der Spoel and E. Lindahl
GROMACS 4: Algorithms for highly efficient, load-balanced, and scalable
molecular simulation
J. Chem. Theory Comput. 4 (2008) pp. 435-447
-------- -------- --- Thank You --- -------- --------


++++ PLEASE READ AND CITE THE FOLLOWING REFERENCE ++++
D. van der Spoel, E. Lindahl, B. Hess, G. Groenhof, A. E. Mark and H. J. C.
Berendsen
GROMACS: Fast, Flexible and Free
J. Comp. Chem. 26 (2005) pp. 1701-1719
-------- -------- --- Thank You --- -------- --------


++++ PLEASE READ AND CITE THE FOLLOWING REFERENCE ++++
E. Lindahl and B. Hess and D. van der Spoel
GROMACS 3.0: A package for molecular simulation and trajectory analysis
J. Mol. Mod. 7 (2001) pp. 306-317
-------- -------- --- Thank You --- -------- --------


++++ PLEASE READ AND CITE THE FOLLOWING REFERENCE ++++
H. J. C. Berendsen, D. van der Spoel and R. van Drunen
GROMACS: A message-passing parallel molecular dynamics implementation
Comp. Phys. Comm. 91 (1995) pp. 43-56
-------- -------- --- Thank You --- -------- --------


++++ PLEASE CITE THE DOI FOR THIS VERSION OF GROMACS ++++
https://doi.org/10.5281/zenodo.4420785
-------- -------- --- Thank You --- -------- --------

Input Parameters:
   integrator                     = cg
   tinit                          = 0
   dt                             = 0.001
   nsteps                         = -1
   init-step                      = 0
   simulation-part                = 1
   comm-mode                      = Linear
   nstcomm                        = 100
   bd-fric                        = 0
   ld-seed                        = 2077334429
   emtol                          = 10
   emstep                         = 0.01
   niter                          = 20
   fcstep                         = 0
   nstcgsteep                     = 1000
   nbfgscorr                      = 10
   rtpi                           = 0.05
   nstxout                        = 0
   nstvout                        = 0
   nstfout                        = 0
   nstlog                         = 10
   nstcalcenergy                  = 100
   nstenergy                      = 1000
   nstxout-compressed             = 0
   compressed-x-precision         = 1000
   cutoff-scheme                  = Verlet
   nstlist                        = 10
   pbc                            = xyz
   periodic-molecules             = false
   verlet-buffer-tolerance        = 0.005
   rlist                          = 1.155
   coulombtype                    = Reaction-Field
   coulomb-modifier               = Potential-shift
   rcoulomb-switch                = 0
   rcoulomb                       = 1.1
   epsilon-r                      = 10
   epsilon-rf                     = inf
   vdw-type                       = Cut-off
   vdw-modifier                   = Potential-shift
   rvdw-switch                    = 0
   rvdw                           = 1.1
   DispCorr                       = No
   table-extension                = 1
   fourierspacing                 = 0.12
   fourier-nx                     = 0
   fourier-ny                     = 0
   fourier-nz                     = 0
   pme-order                      = 4
   ewald-rtol                     = 1e-05
   ewald-rtol-lj                  = 0.001
   lj-pme-comb-rule               = Geometric
   ewald-geometry                 = 0
   epsilon-surface                = 0
   tcoupl                         = No
   nsttcouple                     = -1
   nh-chain-length                = 0
   print-nose-hoover-chain-variables = false
   pcoupl                         = No
   pcoupltype                     = Isotropic
   nstpcouple                     = -1
   tau-p                          = 1
   compressibility (3x3):
      compressibility[    0]={ 0.00000e+00,  0.00000e+00,  0.00000e+00}
      compressibility[    1]={ 0.00000e+00,  0.00000e+00,  0.00000e+00}
      compressibility[    2]={ 0.00000e+00,  0.00000e+00,  0.00000e+00}
   ref-p (3x3):
      ref-p[    0]={ 0.00000e+00,  0.00000e+00,  0.00000e+00}
      ref-p[    1]={ 0.00000e+00,  0.00000e+00,  0.00000e+00}
      ref-p[    2]={ 0.00000e+00,  0.00000e+00,  0.00000e+00}
   refcoord-scaling               = No
   posres-com (3):
      posres-com[0]= 0.00000e+00
      posres-com[1]= 0.00000e+00
      posres-com[2]= 0.00000e+00
   posres-comB (3):
      posres-comB[0]= 0.00000e+00
      posres-comB[1]= 0.00000e+00
      posres-comB[2]= 0.00000e+00
   QMMM                           = false
   QMconstraints                  = 0
   QMMMscheme                     = 0
   MMChargeScaleFactor            = 1
qm-opts:
   ngQM                           = 0
   constraint-algorithm           = Lincs
   continuation                   = false
   Shake-SOR                      = false
   shake-tol                      = 0.0001
   lincs-order                    = 4
   lincs-iter                     = 1
   lincs-warnangle                = 30
   nwall                          = 0
   wall-type                      = 9-3
   wall-r-linpot                  = -1
   wall-atomtype[0]               = -1
   wall-atomtype[1]               = -1
   wall-density[0]                = 0
   wall-density[1]                = 0
   wall-ewald-zfac                = 3
   pull                           = false
   awh                            = false
   rotation                       = false
   interactiveMD                  = false
   disre                          = No
   disre-weighting                = Conservative
   disre-mixed                    = false
   dr-fc                          = 1000
   dr-tau                         = 0
   nstdisreout                    = 100
   orire-fc                       = 0
   orire-tau                      = 0
   nstorireout                    = 100
   free-energy                    = yes
   init-lambda                    = -1
   init-lambda-state              = 0
   delta-lambda                   = 0
   nstdhdl                        = 50
   n-lambdas                      = 9
   separate-dvdl:
       fep-lambdas =   TRUE
      mass-lambdas =   FALSE
      coul-lambdas =   FALSE
       vdw-lambdas =   FALSE
    bonded-lambdas =   FALSE
 restraint-lambdas =   FALSE
temperature-lambdas =   FALSE
all-lambdas:
       fep-lambdas =          0.6         0.7         0.8        0.85         0.9        0.94        0.98        0.99           1
      mass-lambdas =          0.6         0.7         0.8        0.85         0.9        0.94        0.98        0.99           1
      coul-lambdas =          0.6         0.7         0.8        0.85         0.9        0.94        0.98        0.99           1
       vdw-lambdas =          0.6         0.7         0.8        0.85         0.9        0.94        0.98        0.99           1
    bonded-lambdas =          0.6         0.7         0.8        0.85         0.9        0.94        0.98        0.99           1
 restraint-lambdas =          0.6         0.7         0.8        0.85         0.9        0.94        0.98        0.99           1
temperature-lambdas =          0.6         0.7         0.8        0.85         0.9        0.94        0.98        0.99           1
   calc-lambda-neighbors          = 1
   dhdl-print-energy              = no
   sc-alpha                       = 0.5
   sc-power                       = 1
   sc-r-power                     = 6
   sc-sigma                       = 0.3
   sc-sigma-min                   = 0.3
   sc-coul                        = true
   dh-hist-size                   = 0
   dh-hist-spacing                = 0.1
   separate-dhdl-file             = yes
   dhdl-derivatives               = yes
   cos-acceleration               = 0
   deform (3x3):
      deform[    0]={ 0.00000e+00,  0.00000e+00,  0.00000e+00}
      deform[    1]={ 0.00000e+00,  0.00000e+00,  0.00000e+00}
      deform[    2]={ 0.00000e+00,  0.00000e+00,  0.00000e+00}
   simulated-tempering            = false
   swapcoords                     = no
   userint1                       = 0
   userint2                       = 0
   userint3                       = 0
   userint4                       = 0
   userreal1                      = 0
   userreal2                      = 0
   userreal3                      = 0
   userreal4                      = 0
   applied-forces:
     electric-field:
       x:
         E0                       = 0
         omega                    = 0
         t0                       = 0
         sigma                    = 0
       y:
         E0                       = 0
         omega                    = 0
         t0                       = 0
         sigma                    = 0
       z:
         E0                       = 0
         omega                    = 0
         t0                       = 0
         sigma                    = 0
     density-guided-simulation:
       active                     = false
       group                      = protein
       similarity-measure         = inner-product
       atom-spreading-weight      = unity
       force-constant             = 1e+09
       gaussian-transform-spreading-width = 0.2
       gaussian-transform-spreading-range-in-multiples-of-width = 4
       reference-density-filename = reference.mrc
       nst                        = 1
       normalize-densities        = true
       adaptive-force-scaling     = false
       adaptive-force-scaling-time-constant = 4
grpopts:
   nrdf:       26787
   ref-t:           0
   tau-t:           0
annealing:          No
annealing-npoints:           0
   acc:	           0           0           0
   nfreeze:           N           N           N
   energygrp-flags[  0]: 0

Using 1 MPI thread

Non-default thread affinity set, disabling internal thread affinity

Using 16 OpenMP threads 

System total charge, top. A: -940.000 top. B: 0.000
Reaction-Field:
epsRF = 0, rc = 1.1, krf = 0.375657, crf = 1.36364, epsfac = 13.8935
The electrostatics potential has its minimum at r = 1.1
Potential shift: LJ r^-12: -3.186e-01 r^-6: -5.645e-01

Using SIMD 4x8 nonbonded short-range kernels

Using a 4x8 pair-list setup:
  updated every 10 steps, buffer 0.055 nm, rlist 1.155 nm

Using full Lennard-Jones parameter combination matrix

There are 17 atoms and 1880 charges for free energy perturbation
Removing pbc first time

Note that activating conjugate gradient energy minimization via the integrator .mdp option and the command gmx mdrun may be available in a different form in a future version of GROMACS, e.g. gmx minimize and an .mdp option.
Initiating Polak-Ribiere Conjugate Gradients
Initial vector of lambda components:[     0.6000     0.6000     0.6000     0.6000     0.6000     0.6000     0.6000 ]
Started Polak-Ribiere Conjugate Gradients on rank 0 Tue Nov  9 17:22:24 2021


Polak-Ribiere Conjugate Gradients:
   Tolerance (Fmax)   =  1.00000e+01
   Number of steps    =           -1
           Step           Time
              0        0.00000

   Energies (kJ/mol)
           Bond       G96Angle        LJ (SR)   Coulomb (SR) Position Rest.
    2.49375e+04    1.58527e+04    5.54538e+09   -1.21691e+04    5.45697e-09
      Potential Pressure (bar)    dVremain/dl
    5.54541e+09    4.73042e+08    4.66116e+06

   F-max             =  4.65060e+11 on atom 8795
   F-Norm            =  7.37742e+09

           Step           Time
              0        0.00000

   Energies (kJ/mol)
           Bond       G96Angle        LJ (SR)   Coulomb (SR) Position Rest.
    2.49375e+04    1.58527e+04    2.23565e+09   -1.22040e+04    5.45697e-09
      Potential Pressure (bar)    dVremain/dl
    2.23568e+09    1.90696e+08    4.66120e+06

           Step           Time
             10       10.00000

   Energies (kJ/mol)
           Bond       G96Angle        LJ (SR)   Coulomb (SR) Position Rest.
    2.49375e+04    1.58527e+04    1.64815e+08   -1.24448e+04    5.45700e-09
      Potential Pressure (bar)    dVremain/dl
    1.64843e+08    1.40294e+07    4.66204e+06

           Step           Time
             20       20.00000

   Energies (kJ/mol)
           Bond       G96Angle        LJ (SR)   Coulomb (SR) Position Rest.
    2.49375e+04    1.58527e+04    1.04339e+07   -1.31679e+04    1.87162e-07
      Potential Pressure (bar)    dVremain/dl
    1.04615e+07    8.53436e+05    4.66753e+06

           Step           Time
             30       30.00000

   Energies (kJ/mol)
           Bond       G96Angle        LJ (SR)   Coulomb (SR) Position Rest.
    2.49212e+04    1.58441e+04    1.07126e+06   -1.47280e+04    6.70320e-03
      Potential Pressure (bar)    dVremain/dl
    1.09730e+06    5.05585e+04    4.68951e+06

           Step           Time
             40       40.00000

   Energies (kJ/mol)
           Bond       G96Angle        LJ (SR)   Coulomb (SR) Position Rest.
    2.33262e+04    1.48761e+04    6.10553e+05   -1.69896e+04    1.06993e+02
      Potential Pressure (bar)    dVremain/dl
    6.31873e+05    1.52821e+04    4.22265e+06

           Step           Time
             50       50.00000

   Energies (kJ/mol)
           Bond       G96Angle        LJ (SR)   Coulomb (SR) Position Rest.
    2.43464e+04    1.10344e+04    2.15687e+05   -1.82711e+04    6.50008e+03
      Potential Pressure (bar)    dVremain/dl
    2.39297e+05    7.10085e+03    1.76779e+06

           Step           Time
             60       60.00000

   Energies (kJ/mol)
           Bond       G96Angle        LJ (SR)   Coulomb (SR) Position Rest.
    2.13599e+04    1.04244e+04    7.76125e+04   -1.90661e+04    1.35058e+04
      Potential Pressure (bar)    dVremain/dl
    1.03837e+05    2.60253e+03    9.49362e+05

           Step           Time
             70       70.00000

   Energies (kJ/mol)
           Bond       G96Angle        LJ (SR)   Coulomb (SR) Position Rest.
    1.52155e+04    9.06438e+03    3.95279e+04   -1.97507e+04    1.59672e+04
      Potential Pressure (bar)    dVremain/dl
    6.00242e+04    1.38201e+03    7.11231e+05

           Step           Time
             80       80.00000

   Energies (kJ/mol)
           Bond       G96Angle        LJ (SR)   Coulomb (SR) Position Rest.
    1.26955e+04    8.50625e+03    2.47543e+04   -2.00875e+04    1.63581e+04
      Potential Pressure (bar)    dVremain/dl
    4.22267e+04    9.36356e+02    6.25688e+05

           Step           Time
             90       90.00000

   Energies (kJ/mol)
           Bond       G96Angle        LJ (SR)   Coulomb (SR) Position Rest.
    1.06038e+04    7.86727e+03    1.53800e+04   -2.05365e+04    1.67094e+04
      Potential Pressure (bar)    dVremain/dl
    3.00239e+04    6.87991e+02    5.65634e+05

           Step           Time
            100      100.00000

   Energies (kJ/mol)
           Bond       G96Angle        LJ (SR)   Coulomb (SR) Position Rest.
    9.43397e+03    7.69898e+03    9.21692e+03   -2.08057e+04    1.64774e+04
      Potential Pressure (bar)    dVremain/dl
    2.20216e+04    5.86535e+02    5.30210e+05

           Step           Time
            110      110.00000

   Energies (kJ/mol)
           Bond       G96Angle        LJ (SR)   Coulomb (SR) Position Rest.
    8.65746e+03    7.30630e+03    4.28962e+03   -2.09094e+04    1.61181e+04
      Potential Pressure (bar)    dVremain/dl
    1.54621e+04    5.76897e+02    5.00441e+05

           Step           Time
            120      120.00000

   Energies (kJ/mol)
           Bond       G96Angle        LJ (SR)   Coulomb (SR) Position Rest.
    8.16935e+03    7.15666e+03    1.18035e+03   -2.10118e+04    1.59063e+04
      Potential Pressure (bar)    dVremain/dl
    1.14009e+04    5.72923e+02    4.83802e+05

           Step           Time
            130      130.00000

   Energies (kJ/mol)
           Bond       G96Angle        LJ (SR)   Coulomb (SR) Position Rest.
    7.90687e+03    7.08466e+03   -2.46775e+02   -2.10635e+04    1.57826e+04
      Potential Pressure (bar)    dVremain/dl
    9.46387e+03    6.11448e+02    4.75639e+05

           Step           Time
            140      140.00000

   Energies (kJ/mol)
           Bond       G96Angle        LJ (SR)   Coulomb (SR) Position Rest.
    7.84903e+03    7.08906e+03   -1.64338e+03   -2.11195e+04    1.57252e+04
      Potential Pressure (bar)    dVremain/dl
    7.90043e+03    6.39417e+02    4.67173e+05

           Step           Time
            150      150.00000

   Energies (kJ/mol)
           Bond       G96Angle        LJ (SR)   Coulomb (SR) Position Rest.
    7.71702e+03    6.98898e+03   -2.59469e+03   -2.11516e+04    1.56696e+04
      Potential Pressure (bar)    dVremain/dl
    6.62923e+03    6.53028e+02    4.62296e+05

           Step           Time
            160      160.00000

   Energies (kJ/mol)
           Bond       G96Angle        LJ (SR)   Coulomb (SR) Position Rest.
    7.65706e+03    6.96365e+03   -3.21333e+03   -2.11800e+04    1.56254e+04
      Potential Pressure (bar)    dVremain/dl
    5.85280e+03    6.69786e+02    4.58812e+05

           Step           Time
            170      170.00000

   Energies (kJ/mol)
           Bond       G96Angle        LJ (SR)   Coulomb (SR) Position Rest.
    7.55537e+03    6.98198e+03   -3.75282e+03   -2.12207e+04    1.56039e+04
      Potential Pressure (bar)    dVremain/dl
    5.16773e+03    6.63139e+02    4.55993e+05

           Step           Time
            180      180.00000

   Energies (kJ/mol)
           Bond       G96Angle        LJ (SR)   Coulomb (SR) Position Rest.
    7.44795e+03    6.92670e+03   -4.45867e+03   -2.12397e+04    1.55703e+04
      Potential Pressure (bar)    dVremain/dl
    4.24653e+03    6.71531e+02    4.51922e+05

           Step           Time
            190      190.00000

   Energies (kJ/mol)
           Bond       G96Angle        LJ (SR)   Coulomb (SR) Position Rest.
    7.34776e+03    6.92509e+03   -4.85083e+03   -2.12616e+04    1.55144e+04
      Potential Pressure (bar)    dVremain/dl
    3.67477e+03    6.68739e+02    4.49863e+05

           Step           Time
            200      200.00000

   Energies (kJ/mol)
           Bond       G96Angle        LJ (SR)   Coulomb (SR) Position Rest.
    7.29622e+03    6.90822e+03   -5.50292e+03   -2.12833e+04    1.54720e+04
      Potential Pressure (bar)    dVremain/dl
    2.89022e+03    6.71580e+02    4.45721e+05

           Step           Time
            210      210.00000

   Energies (kJ/mol)
           Bond       G96Angle        LJ (SR)   Coulomb (SR) Position Rest.
    7.23293e+03    6.88585e+03   -5.75631e+03   -2.12953e+04    1.54563e+04
      Potential Pressure (bar)    dVremain/dl
    2.52345e+03    6.71011e+02    4.44415e+05

           Step           Time
            220      220.00000

   Energies (kJ/mol)
           Bond       G96Angle        LJ (SR)   Coulomb (SR) Position Rest.
    7.20327e+03    6.87917e+03   -6.01249e+03   -2.13087e+04    1.54639e+04
      Potential Pressure (bar)    dVremain/dl
    2.22515e+03    6.63732e+02    4.43153e+05

           Step           Time
            230      230.00000

   Energies (kJ/mol)
           Bond       G96Angle        LJ (SR)   Coulomb (SR) Position Rest.
    7.15537e+03    6.85700e+03   -6.43165e+03   -2.13201e+04    1.54582e+04
      Potential Pressure (bar)    dVremain/dl
    1.71881e+03    6.53343e+02    4.40840e+05

           Step           Time
            240      240.00000

   Energies (kJ/mol)
           Bond       G96Angle        LJ (SR)   Coulomb (SR) Position Rest.
    7.08103e+03    6.83678e+03   -6.85890e+03   -2.13394e+04    1.54551e+04
      Potential Pressure (bar)    dVremain/dl
    1.17463e+03    6.76379e+02    4.38718e+05

           Step           Time
            250      250.00000

   Energies (kJ/mol)
           Bond       G96Angle        LJ (SR)   Coulomb (SR) Position Rest.
    7.03577e+03    6.80287e+03   -7.20623e+03   -2.13519e+04    1.54592e+04
      Potential Pressure (bar)    dVremain/dl
    7.39678e+02    6.90675e+02    4.36826e+05

           Step           Time
            260      260.00000

   Energies (kJ/mol)
           Bond       G96Angle        LJ (SR)   Coulomb (SR) Position Rest.
    6.98278e+03    6.79710e+03   -7.76049e+03   -2.13703e+04    1.54401e+04
      Potential Pressure (bar)    dVremain/dl
    8.91855e+01    6.88842e+02    4.33336e+05

           Step           Time
            270      270.00000

   Energies (kJ/mol)
           Bond       G96Angle        LJ (SR)   Coulomb (SR) Position Rest.
    6.92420e+03    6.75566e+03   -8.14548e+03   -2.13783e+04    1.54359e+04
      Potential Pressure (bar)    dVremain/dl
   -4.08085e+02    6.94712e+02    4.30890e+05

           Step           Time
            280      280.00000

   Energies (kJ/mol)
           Bond       G96Angle        LJ (SR)   Coulomb (SR) Position Rest.
    6.91031e+03    6.74913e+03   -8.44085e+03   -2.13843e+04    1.54356e+04
      Potential Pressure (bar)    dVremain/dl
   -7.30086e+02    6.89792e+02    4.29073e+05

           Step           Time
            290      290.00000

   Energies (kJ/mol)
           Bond       G96Angle        LJ (SR)   Coulomb (SR) Position Rest.
    6.87951e+03    6.75579e+03   -8.68716e+03   -2.13989e+04    1.54670e+04
      Potential Pressure (bar)    dVremain/dl
   -9.83784e+02    6.93621e+02    4.27526e+05

           Step           Time
            300      300.00000

   Energies (kJ/mol)
           Bond       G96Angle        LJ (SR)   Coulomb (SR) Position Rest.
    6.86839e+03    6.73707e+03   -8.95101e+03   -2.14019e+04    1.54507e+04
      Potential Pressure (bar)    dVremain/dl
   -1.29672e+03    6.91810e+02    4.25812e+05

           Step           Time
            310      310.00000

   Energies (kJ/mol)
           Bond       G96Angle        LJ (SR)   Coulomb (SR) Position Rest.
    6.82136e+03    6.73269e+03   -9.04781e+03   -2.14112e+04    1.54585e+04
      Potential Pressure (bar)    dVremain/dl
   -1.44646e+03    6.83871e+02    4.25514e+05

           Step           Time
            320      320.00000

   Energies (kJ/mol)
           Bond       G96Angle        LJ (SR)   Coulomb (SR) Position Rest.
    6.81734e+03    6.72677e+03   -9.15982e+03   -2.14138e+04    1.54712e+04
      Potential Pressure (bar)    dVremain/dl
   -1.55840e+03    6.93992e+02    4.24201e+05

           Step           Time
            330      330.00000

   Energies (kJ/mol)
           Bond       G96Angle        LJ (SR)   Coulomb (SR) Position Rest.
    6.79205e+03    6.74156e+03   -9.46244e+03   -2.14152e+04    1.54662e+04
      Potential Pressure (bar)    dVremain/dl
   -1.87783e+03    6.87891e+02    4.22324e+05

           Step           Time
            340      340.00000

   Energies (kJ/mol)
           Bond       G96Angle        LJ (SR)   Coulomb (SR) Position Rest.
    6.78069e+03    6.75001e+03   -9.59079e+03   -2.14178e+04    1.54690e+04
      Potential Pressure (bar)    dVremain/dl
   -2.00891e+03    6.81577e+02    4.21773e+05

           Step           Time
            350      350.00000

   Energies (kJ/mol)
           Bond       G96Angle        LJ (SR)   Coulomb (SR) Position Rest.
    6.77587e+03    6.75119e+03   -9.63999e+03   -2.14200e+04    1.54679e+04
      Potential Pressure (bar)    dVremain/dl
   -2.06502e+03    6.80265e+02    4.21588e+05

           Step           Time
            360      360.00000

   Energies (kJ/mol)
           Bond       G96Angle        LJ (SR)   Coulomb (SR) Position Rest.
    6.78778e+03    6.77217e+03   -1.00306e+04   -2.14208e+04    1.54862e+04
      Potential Pressure (bar)    dVremain/dl
   -2.40515e+03    6.66074e+02    4.19141e+05

           Step           Time
            370      370.00000

   Energies (kJ/mol)
           Bond       G96Angle        LJ (SR)   Coulomb (SR) Position Rest.
    6.74205e+03    6.75761e+03   -1.01029e+04   -2.14208e+04    1.54655e+04
      Potential Pressure (bar)    dVremain/dl
   -2.55858e+03    6.67708e+02    4.18904e+05

           Step           Time
            380      380.00000

   Energies (kJ/mol)
           Bond       G96Angle        LJ (SR)   Coulomb (SR) Position Rest.
    6.70938e+03    6.75590e+03   -1.01653e+04   -2.14203e+04    1.54533e+04
      Potential Pressure (bar)    dVremain/dl
   -2.66701e+03    6.62445e+02    4.18754e+05

           Step           Time
            390      390.00000

   Energies (kJ/mol)
           Bond       G96Angle        LJ (SR)   Coulomb (SR) Position Rest.
    6.69992e+03    6.74312e+03   -1.01910e+04   -2.14227e+04    1.54400e+04
      Potential Pressure (bar)    dVremain/dl
   -2.73067e+03    6.60007e+02    4.18683e+05

           Step           Time
            400      400.00000

   Energies (kJ/mol)
           Bond       G96Angle        LJ (SR)   Coulomb (SR) Position Rest.
    6.69013e+03    6.73678e+03   -1.02238e+04   -2.14263e+04    1.54366e+04
      Potential Pressure (bar)    dVremain/dl
   -2.78661e+03    6.57970e+02    4.18587e+05

           Step           Time
            410      410.00000

   Energies (kJ/mol)
           Bond       G96Angle        LJ (SR)   Coulomb (SR) Position Rest.
    6.67910e+03    6.72603e+03   -1.02514e+04   -2.14304e+04    1.54277e+04
      Potential Pressure (bar)    dVremain/dl
   -2.84895e+03    6.58427e+02    4.18497e+05

           Step           Time
            420      420.00000

   Energies (kJ/mol)
           Bond       G96Angle        LJ (SR)   Coulomb (SR) Position Rest.
    6.67379e+03    6.71844e+03   -1.02951e+04   -2.14334e+04    1.54015e+04
      Potential Pressure (bar)    dVremain/dl
   -2.93475e+03    6.58555e+02    4.18366e+05

           Step           Time
            430      430.00000

   Energies (kJ/mol)
           Bond       G96Angle        LJ (SR)   Coulomb (SR) Position Rest.
    6.67247e+03    6.71789e+03   -1.03062e+04   -2.14351e+04    1.54014e+04
      Potential Pressure (bar)    dVremain/dl
   -2.94951e+03    6.58024e+02    4.18327e+05

           Step           Time
            440      440.00000

   Energies (kJ/mol)
           Bond       G96Angle        LJ (SR)   Coulomb (SR) Position Rest.
    6.65823e+03    6.71547e+03   -1.03323e+04   -2.14440e+04    1.53981e+04
      Potential Pressure (bar)    dVremain/dl
   -3.00450e+03    6.58008e+02    4.18234e+05

           Step           Time
            450      450.00000

   Energies (kJ/mol)
           Bond       G96Angle        LJ (SR)   Coulomb (SR) Position Rest.
    6.64799e+03    6.70514e+03   -1.04018e+04   -2.14466e+04    1.53929e+04
      Potential Pressure (bar)    dVremain/dl
   -3.10233e+03    6.69235e+02    4.17480e+05

           Step           Time
            460      460.00000

   Energies (kJ/mol)
           Bond       G96Angle        LJ (SR)   Coulomb (SR) Position Rest.
    6.64332e+03    6.70205e+03   -1.04472e+04   -2.14484e+04    1.53961e+04
      Potential Pressure (bar)    dVremain/dl
   -3.15411e+03    6.61522e+02    4.17231e+05

           Step           Time
            470      470.00000

   Energies (kJ/mol)
           Bond       G96Angle        LJ (SR)   Coulomb (SR) Position Rest.
    6.61467e+03    6.70458e+03   -1.06128e+04   -2.14530e+04    1.54041e+04
      Potential Pressure (bar)    dVremain/dl
   -3.34250e+03    6.57666e+02    4.16008e+05

           Step           Time
            480      480.00000

   Energies (kJ/mol)
           Bond       G96Angle        LJ (SR)   Coulomb (SR) Position Rest.
    6.59196e+03    6.69308e+03   -1.06441e+04   -2.14564e+04    1.54020e+04
      Potential Pressure (bar)    dVremain/dl
   -3.41337e+03    6.58328e+02    4.15906e+05

           Step           Time
            490      490.00000

   Energies (kJ/mol)
           Bond       G96Angle        LJ (SR)   Coulomb (SR) Position Rest.
    6.58306e+03    6.68797e+03   -1.06889e+04   -2.14621e+04    1.53939e+04
      Potential Pressure (bar)    dVremain/dl
   -3.48603e+03    6.62222e+02    4.15763e+05

           Step           Time
            500      500.00000

   Energies (kJ/mol)
           Bond       G96Angle        LJ (SR)   Coulomb (SR) Position Rest.
    6.57082e+03    6.69072e+03   -1.07129e+04   -2.14637e+04    1.53933e+04
      Potential Pressure (bar)    dVremain/dl
   -3.52179e+03    6.60165e+02    4.15691e+05

           Step           Time
            510      510.00000

   Energies (kJ/mol)
           Bond       G96Angle        LJ (SR)   Coulomb (SR) Position Rest.
    6.56172e+03    6.68897e+03   -1.08173e+04   -2.14672e+04    1.53893e+04
      Potential Pressure (bar)    dVremain/dl
   -3.64454e+03    6.61867e+02    4.14882e+05

           Step           Time
            520      520.00000

   Energies (kJ/mol)
           Bond       G96Angle        LJ (SR)   Coulomb (SR) Position Rest.
    6.54249e+03    6.69517e+03   -1.08547e+04   -2.14785e+04    1.53911e+04
      Potential Pressure (bar)    dVremain/dl
   -3.70451e+03    6.56037e+02    4.14646e+05

           Step           Time
            530      530.00000

   Energies (kJ/mol)
           Bond       G96Angle        LJ (SR)   Coulomb (SR) Position Rest.
    6.53455e+03    6.69161e+03   -1.10005e+04   -2.14809e+04    1.53969e+04
      Potential Pressure (bar)    dVremain/dl
   -3.85825e+03    6.53927e+02    4.13607e+05

           Step           Time
            540      540.00000

   Energies (kJ/mol)
           Bond       G96Angle        LJ (SR)   Coulomb (SR) Position Rest.
    6.51491e+03    6.69152e+03   -1.10118e+04   -2.14839e+04    1.53963e+04
      Potential Pressure (bar)    dVremain/dl
   -3.89297e+03    6.55400e+02    4.13574e+05

           Step           Time
            550      550.00000

   Energies (kJ/mol)
           Bond       G96Angle        LJ (SR)   Coulomb (SR) Position Rest.
    6.50138e+03    6.68948e+03   -1.10277e+04   -2.14816e+04    1.53983e+04
      Potential Pressure (bar)    dVremain/dl
   -3.92012e+03    6.56808e+02    4.13535e+05

           Step           Time
            560      560.00000

   Energies (kJ/mol)
           Bond       G96Angle        LJ (SR)   Coulomb (SR) Position Rest.
    6.49686e+03    6.68849e+03   -1.10410e+04   -2.14832e+04    1.53987e+04
      Potential Pressure (bar)    dVremain/dl
   -3.94003e+03    6.56218e+02    4.13501e+05

           Step           Time
            570      570.00000

   Energies (kJ/mol)
           Bond       G96Angle        LJ (SR)   Coulomb (SR) Position Rest.
    6.49437e+03    6.68798e+03   -1.10645e+04   -2.14833e+04    1.54013e+04
      Potential Pressure (bar)    dVremain/dl
   -3.96415e+03    6.55469e+02    4.13444e+05

           Step           Time
            580      580.00000

   Energies (kJ/mol)
           Bond       G96Angle        LJ (SR)   Coulomb (SR) Position Rest.
    6.49456e+03    6.68822e+03   -1.10931e+04   -2.14835e+04    1.54037e+04
      Potential Pressure (bar)    dVremain/dl
   -3.99018e+03    6.55659e+02    4.13369e+05

           Step           Time
            590      590.00000

   Energies (kJ/mol)
           Bond       G96Angle        LJ (SR)   Coulomb (SR) Position Rest.
    6.49799e+03    6.68636e+03   -1.11246e+04   -2.14866e+04    1.54063e+04
      Potential Pressure (bar)    dVremain/dl
   -4.02054e+03    6.54100e+02    4.13279e+05

           Step           Time
            600      600.00000

   Energies (kJ/mol)
           Bond       G96Angle        LJ (SR)   Coulomb (SR) Position Rest.
    6.49533e+03    6.68485e+03   -1.11451e+04   -2.14904e+04    1.54092e+04
      Potential Pressure (bar)    dVremain/dl
   -4.04610e+03    6.51659e+02    4.13214e+05

           Step           Time
            610      610.00000

   Energies (kJ/mol)
           Bond       G96Angle        LJ (SR)   Coulomb (SR) Position Rest.
    6.49533e+03    6.68056e+03   -1.11558e+04   -2.14917e+04    1.54068e+04
      Potential Pressure (bar)    dVremain/dl
   -4.06472e+03    6.52390e+02    4.13160e+05

           Step           Time
            620      620.00000

   Energies (kJ/mol)
           Bond       G96Angle        LJ (SR)   Coulomb (SR) Position Rest.
    6.48267e+03    6.67674e+03   -1.13087e+04   -2.14927e+04    1.54222e+04
      Potential Pressure (bar)    dVremain/dl
   -4.21981e+03    6.51624e+02    4.12040e+05

           Step           Time
            630      630.00000

   Energies (kJ/mol)
           Bond       G96Angle        LJ (SR)   Coulomb (SR) Position Rest.
    6.48234e+03    6.67519e+03   -1.13234e+04   -2.14934e+04    1.54238e+04
      Potential Pressure (bar)    dVremain/dl
   -4.23538e+03    6.50490e+02    4.11986e+05

           Step           Time
            640      640.00000

   Energies (kJ/mol)
           Bond       G96Angle        LJ (SR)   Coulomb (SR) Position Rest.
    6.48194e+03    6.67467e+03   -1.13278e+04   -2.14939e+04    1.54230e+04
      Potential Pressure (bar)    dVremain/dl
   -4.24206e+03    6.49612e+02    4.11972e+05

           Step           Time
            650      650.00000

   Energies (kJ/mol)
           Bond       G96Angle        LJ (SR)   Coulomb (SR) Position Rest.
    6.48092e+03    6.67451e+03   -1.13324e+04   -2.14947e+04    1.54218e+04
      Potential Pressure (bar)    dVremain/dl
   -4.24979e+03    6.48439e+02    4.11959e+05

           Step           Time
            660      660.00000

   Energies (kJ/mol)
           Bond       G96Angle        LJ (SR)   Coulomb (SR) Position Rest.
    6.48020e+03    6.67457e+03   -1.13427e+04   -2.14955e+04    1.54205e+04
      Potential Pressure (bar)    dVremain/dl
   -4.26289e+03    6.47142e+02    4.11931e+05

           Step           Time
            670      670.00000

   Energies (kJ/mol)
           Bond       G96Angle        LJ (SR)   Coulomb (SR) Position Rest.
    6.48262e+03    6.67707e+03   -1.14504e+04   -2.14957e+04    1.54135e+04
      Potential Pressure (bar)    dVremain/dl
   -4.37299e+03    6.47161e+02    4.11029e+05

           Step           Time
            680      680.00000

   Energies (kJ/mol)
           Bond       G96Angle        LJ (SR)   Coulomb (SR) Position Rest.
    6.48244e+03    6.67858e+03   -1.14975e+04   -2.14960e+04    1.54133e+04
      Potential Pressure (bar)    dVremain/dl
   -4.41915e+03    6.47178e+02    4.10786e+05

           Step           Time
            690      690.00000

   Energies (kJ/mol)
           Bond       G96Angle        LJ (SR)   Coulomb (SR) Position Rest.
    6.48315e+03    6.67510e+03   -1.15167e+04   -2.14995e+04    1.54162e+04
      Potential Pressure (bar)    dVremain/dl
   -4.44188e+03    6.49570e+02    4.10725e+05

           Step           Time
            700      700.00000

   Energies (kJ/mol)
           Bond       G96Angle        LJ (SR)   Coulomb (SR) Position Rest.
    6.48257e+03    6.66981e+03   -1.15274e+04   -2.15012e+04    1.54150e+04
      Potential Pressure (bar)    dVremain/dl
   -4.46123e+03    6.48511e+02    4.10711e+05

           Step           Time
            710      710.00000

   Energies (kJ/mol)
           Bond       G96Angle        LJ (SR)   Coulomb (SR) Position Rest.
    6.48354e+03    6.66882e+03   -1.15331e+04   -2.15013e+04    1.54145e+04
      Potential Pressure (bar)    dVremain/dl
   -4.46758e+03    6.50232e+02    4.10689e+05

           Step           Time
            720      720.00000

   Energies (kJ/mol)
           Bond       G96Angle        LJ (SR)   Coulomb (SR) Position Rest.
    6.49124e+03    6.66192e+03   -1.16763e+04   -2.15009e+04    1.54100e+04
      Potential Pressure (bar)    dVremain/dl
   -4.61404e+03    6.55541e+02    4.09597e+05

           Step           Time
            730      730.00000

   Energies (kJ/mol)
           Bond       G96Angle        LJ (SR)   Coulomb (SR) Position Rest.
    6.48906e+03    6.66104e+03   -1.17014e+04   -2.15018e+04    1.54071e+04
      Potential Pressure (bar)    dVremain/dl
   -4.64602e+03    6.52987e+02    4.09501e+05

           Step           Time
            740      740.00000

   Energies (kJ/mol)
           Bond       G96Angle        LJ (SR)   Coulomb (SR) Position Rest.
    6.48999e+03    6.65407e+03   -1.17152e+04   -2.15038e+04    1.54075e+04
      Potential Pressure (bar)    dVremain/dl
   -4.66737e+03    6.51553e+02    4.09455e+05

           Step           Time
            750      750.00000

   Energies (kJ/mol)
           Bond       G96Angle        LJ (SR)   Coulomb (SR) Position Rest.
    6.48641e+03    6.65122e+03   -1.17256e+04   -2.15041e+04    1.54051e+04
      Potential Pressure (bar)    dVremain/dl
   -4.68698e+03    6.51039e+02    4.09430e+05

           Step           Time
            760      760.00000

   Energies (kJ/mol)
           Bond       G96Angle        LJ (SR)   Coulomb (SR) Position Rest.
    6.48279e+03    6.64890e+03   -1.17365e+04   -2.15043e+04    1.54038e+04
      Potential Pressure (bar)    dVremain/dl
   -4.70530e+03    6.50965e+02    4.09406e+05

           Step           Time
            770      770.00000

   Energies (kJ/mol)
           Bond       G96Angle        LJ (SR)   Coulomb (SR) Position Rest.
    6.48293e+03    6.64648e+03   -1.17390e+04   -2.15055e+04    1.54027e+04
      Potential Pressure (bar)    dVremain/dl
   -4.71242e+03    6.51199e+02    4.09399e+05

           Step           Time
            780      780.00000

   Energies (kJ/mol)
           Bond       G96Angle        LJ (SR)   Coulomb (SR) Position Rest.
    6.49117e+03    6.64294e+03   -1.18557e+04   -2.15063e+04    1.54052e+04
      Potential Pressure (bar)    dVremain/dl
   -4.82267e+03    6.53267e+02    4.08476e+05

           Step           Time
            790      790.00000

   Energies (kJ/mol)
           Bond       G96Angle        LJ (SR)   Coulomb (SR) Position Rest.
    6.48040e+03    6.64494e+03   -1.18747e+04   -2.15085e+04    1.54097e+04
      Potential Pressure (bar)    dVremain/dl
   -4.84814e+03    6.46670e+02    4.08410e+05

           Step           Time
            800      800.00000

   Energies (kJ/mol)
           Bond       G96Angle        LJ (SR)   Coulomb (SR) Position Rest.
    6.48590e+03    6.64214e+03   -1.18991e+04   -2.15076e+04    1.54024e+04
      Potential Pressure (bar)    dVremain/dl
   -4.87618e+03    6.51375e+02    4.08349e+05

           Step           Time
            810      810.00000

   Energies (kJ/mol)
           Bond       G96Angle        LJ (SR)   Coulomb (SR) Position Rest.
    6.48230e+03    6.64000e+03   -1.19029e+04   -2.15089e+04    1.54013e+04
      Potential Pressure (bar)    dVremain/dl
   -4.88822e+03    6.50133e+02    4.08335e+05

           Step           Time
            820      820.00000

   Energies (kJ/mol)
           Bond       G96Angle        LJ (SR)   Coulomb (SR) Position Rest.
    6.47277e+03    6.64205e+03   -1.19162e+04   -2.15111e+04    1.53976e+04
      Potential Pressure (bar)    dVremain/dl
   -4.91489e+03    6.49552e+02    4.08306e+05

           Step           Time
            830      830.00000

   Energies (kJ/mol)
           Bond       G96Angle        LJ (SR)   Coulomb (SR) Position Rest.
    6.47276e+03    6.64133e+03   -1.19224e+04   -2.15118e+04    1.53961e+04
      Potential Pressure (bar)    dVremain/dl
   -4.92406e+03    6.50269e+02    4.08291e+05

           Step           Time
            840      840.00000

   Energies (kJ/mol)
           Bond       G96Angle        LJ (SR)   Coulomb (SR) Position Rest.
    6.47514e+03    6.64116e+03   -1.19344e+04   -2.15128e+04    1.53939e+04
      Potential Pressure (bar)    dVremain/dl
   -4.93704e+03    6.52516e+02    4.08258e+05

           Step           Time
            850      850.00000

   Energies (kJ/mol)
           Bond       G96Angle        LJ (SR)   Coulomb (SR) Position Rest.
    6.47155e+03    6.64035e+03   -1.19390e+04   -2.15136e+04    1.53937e+04
      Potential Pressure (bar)    dVremain/dl
   -4.94704e+03    6.54937e+02    4.08249e+05

           Step           Time
            860      860.00000

   Energies (kJ/mol)
           Bond       G96Angle        LJ (SR)   Coulomb (SR) Position Rest.
    6.47164e+03    6.64799e+03   -1.19594e+04   -2.15185e+04    1.53976e+04
      Potential Pressure (bar)    dVremain/dl
   -4.96064e+03    6.58609e+02    4.08202e+05

           Step           Time
            870      870.00000

   Energies (kJ/mol)
           Bond       G96Angle        LJ (SR)   Coulomb (SR) Position Rest.
    6.46716e+03    6.64351e+03   -1.19596e+04   -2.15180e+04    1.53943e+04
      Potential Pressure (bar)    dVremain/dl
   -4.97261e+03    6.59592e+02    4.08204e+05

           Step           Time
            880      880.00000

   Energies (kJ/mol)
           Bond       G96Angle        LJ (SR)   Coulomb (SR) Position Rest.
    6.46538e+03    6.64343e+03   -1.19697e+04   -2.15204e+04    1.53970e+04
      Potential Pressure (bar)    dVremain/dl
   -4.98426e+03    6.62056e+02    4.08174e+05

           Step           Time
            890      890.00000

   Energies (kJ/mol)
           Bond       G96Angle        LJ (SR)   Coulomb (SR) Position Rest.
    6.46312e+03    6.64716e+03   -1.19860e+04   -2.15214e+04    1.53989e+04
      Potential Pressure (bar)    dVremain/dl
   -4.99830e+03    6.60438e+02    4.08119e+05

           Step           Time
            900      900.00000

   Energies (kJ/mol)
           Bond       G96Angle        LJ (SR)   Coulomb (SR) Position Rest.
    6.45876e+03    6.64998e+03   -1.19920e+04   -2.15258e+04    1.54004e+04
      Potential Pressure (bar)    dVremain/dl
   -5.00862e+03    6.62915e+02    4.08099e+05

           Step           Time
            910      910.00000

   Energies (kJ/mol)
           Bond       G96Angle        LJ (SR)   Coulomb (SR) Position Rest.
    6.45598e+03    6.64877e+03   -1.19991e+04   -2.15273e+04    1.54006e+04
      Potential Pressure (bar)    dVremain/dl
   -5.02110e+03    6.64822e+02    4.08072e+05

           Step           Time
            920      920.00000

   Energies (kJ/mol)
           Bond       G96Angle        LJ (SR)   Coulomb (SR) Position Rest.
    6.44881e+03    6.64818e+03   -1.20023e+04   -2.15290e+04    1.54018e+04
      Potential Pressure (bar)    dVremain/dl
   -5.03252e+03    6.66097e+02    4.08062e+05

           Step           Time
            930      930.00000

   Energies (kJ/mol)
           Bond       G96Angle        LJ (SR)   Coulomb (SR) Position Rest.
    6.44428e+03    6.64666e+03   -1.20121e+04   -2.15315e+04    1.54058e+04
      Potential Pressure (bar)    dVremain/dl
   -5.04681e+03    6.66380e+02    4.08017e+05

           Step           Time
            940      940.00000

   Energies (kJ/mol)
           Bond       G96Angle        LJ (SR)   Coulomb (SR) Position Rest.
    6.44188e+03    6.64526e+03   -1.20120e+04   -2.15328e+04    1.54009e+04
      Potential Pressure (bar)    dVremain/dl
   -5.05667e+03    6.66606e+02    4.08021e+05

           Step           Time
            950      950.00000

   Energies (kJ/mol)
           Bond       G96Angle        LJ (SR)   Coulomb (SR) Position Rest.
    6.44292e+03    6.64632e+03   -1.20186e+04   -2.15342e+04    1.53915e+04
      Potential Pressure (bar)    dVremain/dl
   -5.07203e+03    6.65273e+02    4.08001e+05

           Step           Time
            960      960.00000

   Energies (kJ/mol)
           Bond       G96Angle        LJ (SR)   Coulomb (SR) Position Rest.
    6.44299e+03    6.64791e+03   -1.20246e+04   -2.15334e+04    1.53865e+04
      Potential Pressure (bar)    dVremain/dl
   -5.08058e+03    6.63616e+02    4.07990e+05

           Step           Time
            970      970.00000

   Energies (kJ/mol)
           Bond       G96Angle        LJ (SR)   Coulomb (SR) Position Rest.
    6.43550e+03    6.65185e+03   -1.20319e+04   -2.15302e+04    1.53784e+04
      Potential Pressure (bar)    dVremain/dl
   -5.09629e+03    6.60509e+02    4.07976e+05

           Step           Time
            980      980.00000

   Energies (kJ/mol)
           Bond       G96Angle        LJ (SR)   Coulomb (SR) Position Rest.
    6.43061e+03    6.65174e+03   -1.20355e+04   -2.15293e+04    1.53755e+04
      Potential Pressure (bar)    dVremain/dl
   -5.10700e+03    6.62428e+02    4.07969e+05

           Step           Time
            987      987.00000

   Energies (kJ/mol)
           Bond       G96Angle        LJ (SR)   Coulomb (SR) Position Rest.
    6.43060e+03    6.65126e+03   -1.20375e+04   -2.15291e+04    1.53743e+04
      Potential Pressure (bar)    dVremain/dl
   -5.11033e+03    6.63480e+02    4.07965e+05


Polak-Ribiere Conjugate Gradients converged to Fmax < 10 in 987 steps
Potential Energy  = -5.1103291e+03
Maximum force     =  9.1555052e+00 on atom 528
Norm of force     =  4.7973816e-01

Performed 1202 energy evaluations in total.
Finished mdrun on rank 0 Tue Nov  9 17:22:45 2021

